#
# A fatal error has been detected by the Java Runtime Environment:
#
#  EXCEPTION_ACCESS_VIOLATION (0xc0000005) at pc=0x00007ff8f511bc8a, pid=4448, tid=8008
#
# JRE version: OpenJDK Runtime Environment Temurin-17.0.1+12 (17.0.1+12) (build 17.0.1+12)
# Java VM: OpenJDK 64-Bit Server VM Temurin-17.0.1+12 (17.0.1+12, mixed mode, tiered, compressed oops, compressed class ptrs, g1 gc, windows-amd64)
# Problematic frame:
# V  [jvm.dll+0x79bc8a]
#
# No core dump will be written. Minidumps are not enabled by default on client versions of Windows
#
# If you would like to submit a bug report, please visit:
#   https://github.com/adoptium/adoptium-support/issues
#

---------------  S U M M A R Y ------------

Command Line: -XX:+ShowCodeDetailsInExceptionMessages -agentlib:jdwp=transport=dt_socket,suspend=y,address=localhost:51492 -javaagent:D:\ai\install_program\eclipse\configuration\org.eclipse.osgi\418\0\.cp\lib\javaagent-shaded.jar -Dfile.encoding=MS949 javaApp2.ch12.sec07.ComparableEx

Host: Intel(R) Core(TM) i5-6500 CPU @ 3.20GHz, 4 cores, 7G,  Windows 10 , 64 bit Build 19041 (10.0.19041.3031)
Time: Tue Dec 26 12:59:40 2023  Windows 10 , 64 bit Build 19041 (10.0.19041.3031) elapsed time: 80.337385 seconds (0d 0h 1m 20s)

---------------  T H R E A D  ---------------

Current thread (0x000001faf0a55160):  JavaThread "JDWP Transport Listener: dt_socket" daemon [_thread_in_vm, id=8008, stack(0x00000089f1900000,0x00000089f1a00000)]

Stack: [0x00000089f1900000,0x00000089f1a00000],  sp=0x00000089f19ff590,  free space=1021k
Native frames: (J=compiled Java code, j=interpreted, Vv=VM code, C=native code)
V  [jvm.dll+0x79bc8a]
V  [jvm.dll+0x507e6c]
V  [jvm.dll+0x4cf4d4]
C  [jdwp.dll+0x22dff]


siginfo: EXCEPTION_ACCESS_VIOLATION (0xc0000005), reading address 0x00000000004e000b


Register to memory mapping:

RIP=0x00007ff8f511bc8a jvm.dll
RAX=0x000000000000004f is an unknown value
RBX=0x000001faf09b184d points into unknown readable memory: 3b 00 63
RCX=0x00000000004e0007 is an unknown value
RDX=0x000001faf0f57ff0 points into unknown readable memory: 0x7070416176616a4c | 4c 6a 61 76 61 41 70 70
RSP=0x00000089f19ff590 is pointing into the stack for thread: 0x000001faf0a55160
RBP=0x000001faf0a49d00 points into unknown readable memory: 0x0000000000000002 | 02 00 00 00 00 00 00 00
RSI=0x0 is NULL
RDI=0xffffffffffffffff is an unknown value
R8 =0x00000000000000e7 is an unknown value
R9 =0x0000000000000040 is an unknown value
R10=0x00000000000000c0 is an unknown value
R11=0x00000089f19ff5b0 is pointing into the stack for thread: 0x000001faf0a55160
R12=0x00000089f19ff6e8 is pointing into the stack for thread: 0x000001faf0a55160
R13=0x0 is NULL
R14=0x00000001001054c0 is a pointer to class: 
javaApp2.ch12.sec07.Person {0x00000001001054c8}
 - instance size:     3
 - klass size:        70
 - access:            synchronized 
 - state:             fully_initialized
 - name:              'javaApp2/ch12/sec07/Person'
 - super:             'java/lang/Object'
 - sub:               
 - arrays:            NULL
 - methods:           Array<T>(0x000001faf183cb08)
 - method ordering:   Array<T>(0x000001faf183ce28)
 - default_methods:   Array<T>(0x0000000000000000)
 - local interfaces:  Array<T>(0x000001faf183b0b0)
 - trans. interfaces: Array<T>(0x000001faf183b0b0)
 - constants:         constant pool [86] {0x000001faf183d410} for 'javaApp2/ch12/sec07/Person' cache=0x000001faf183d748
 - class loader data:  loader data: 0x000001faf08a2370 for instance a 'jdk/internal/loader/ClassLoaders$AppClassLoader'{0x00000000889df068}
 - source file:       'ComparableEx.java'
 - source debug extension:       SMAP
ComparableEx.java
Java
*S jdt
*F
1 ComparableEx.java
2 file:/D:/ai/study/java_study/java_study/javaApp2/bin/
*L
*E

 - class annotations:       Array<T>(0x0000000000000000)
 - class type annotations:  Array<T>(0x0000000000000000)
 - field annotations:       Array<T>(0x0000000000000000)
 - field type annotations:  Array<T>(0x0000000000000000)
 - previous version:  constant pool [64] {0x000001faf183ae38} for 'javaApp2/ch12/sec07/Person' (extra) cache=0x000001faf183b3e0
 - generic signature: '
[error occurred during error reporting (printing register info), id 0xc0000005, EXCEPTION_ACCESS_VIOLATION (0xc0000005) at pc=0x00007ff8f511c896]

Registers:
RAX=0x000000000000004f, RBX=0x000001faf09b184d, RCX=0x00000000004e0007, RDX=0x000001faf0f57ff0
RSP=0x00000089f19ff590, RBP=0x000001faf0a49d00, RSI=0x0000000000000000, RDI=0xffffffffffffffff
R8 =0x00000000000000e7, R9 =0x0000000000000040, R10=0x00000000000000c0, R11=0x00000089f19ff5b0
R12=0x00000089f19ff6e8, R13=0x0000000000000000, R14=0x00000001001054c0, R15=0x00000089f19ff738
RIP=0x00007ff8f511bc8a, EFLAGS=0x0000000000010206

Top of Stack: (sp=0x00000089f19ff590)
0x00000089f19ff590:   000000000000001a 00000001001054c0
0x00000089f19ff5a0:   000001faf0a55160 0000000000000000
0x00000089f19ff5b0:   ffffffffffffffff 00007ff8f4e87e6c
0x00000089f19ff5c0:   000001faf09b184d 000001faf09b1830
0x00000089f19ff5d0:   000001faf0a49d00 000001faf0f57cc0
0x00000089f19ff5e0:   000001faf09b1800 00000000000003d8
0x00000089f19ff5f0:   000001faf09b1810 000001faf09b1be8
0x00000089f19ff600:   0000000000000002 00000089f19ff6e8
0x00000089f19ff610:   0000000000000000 0000000000000000
0x00000089f19ff620:   00000000884124e0 00007ff8f4e4f4d4
0x00000089f19ff630:   000001faf0a55160 00000089f19ff738
0x00000089f19ff640:   000001fad66fe350 00000089f19ff738
0x00000089f19ff650:   000001faf0a55160 0000000000000000
0x00000089f19ff660:   000001fa00000000 0000000000000000
0x00000089f19ff670:   000000000000000d 00007ff960482dff
0x00000089f19ff680:   00000089f19ff730 00007ff960491aa0 

Instructions: (pc=0x00007ff8f511bc8a)
0x00007ff8f511bb8a:   48 83 c4 20 5f e9 3c a2 90 ff cc cc cc cc cc cc
0x00007ff8f511bb9a:   cc cc cc cc cc cc 48 89 5c 24 08 57 48 83 ec 20
0x00007ff8f511bbaa:   83 fa 02 8d 42 06 b9 08 00 00 00 49 8b d8 0f 4e
0x00007ff8f511bbba:   c1 48 63 c8 48 83 c1 07 83 e1 f8 48 63 f9 49 8b
0x00007ff8f511bbca:   48 18 48 8b c7 48 f7 d0 48 3b c1 73 16 4c 8d 05
0x00007ff8f511bbda:   5a 55 17 00 48 8b d7 48 8b cb e8 47 05 91 ff 48
0x00007ff8f511bbea:   8b 4b 18 48 8d 04 39 48 3b 43 20 76 18 45 33 c0
0x00007ff8f511bbfa:   48 8b d7 48 8b cb 48 8b 5c 24 30 48 83 c4 20 5f
0x00007ff8f511bc0a:   e9 a1 01 91 ff 48 89 43 18 48 8b c1 48 8b 5c 24
0x00007ff8f511bc1a:   30 48 83 c4 20 5f c3 cc cc cc cc cc cc cc cc cc
0x00007ff8f511bc2a:   cc cc cc cc cc cc 4c 8b d2 4c 8b d9 45 85 c0 7e
0x00007ff8f511bc3a:   3c 44 0f b7 49 04 41 8d 40 ff 41 3b c1 44 0f 4c
0x00007ff8f511bc4a:   c8 4d 63 c1 45 85 c9 7e 1f 48 8b c2 4c 2b da 49
0x00007ff8f511bc5a:   8b d0 0f 1f 40 00 41 0f b6 4c 03 06 88 08 48 8d
0x00007ff8f511bc6a:   40 01 48 83 ea 01 75 ee 43 c6 04 10 00 49 8b c2
0x00007ff8f511bc7a:   c3 cc cc cc cc cc 48 89 5c 24 08 57 48 83 ec 20
0x00007ff8f511bc8a:   0f b7 59 04 48 8b f9 33 d2 48 8d 4b 01 e8 24 e8
0x00007ff8f511bc9a:   f2 ff 0f b7 57 04 4c 8b c0 3b da 0f 42 d3 44 8b
0x00007ff8f511bcaa:   ca 85 d2 74 39 48 2b f8 0f 1f 40 00 66 66 0f 1f
0x00007ff8f511bcba:   84 00 00 00 00 00 0f b6 4c 07 06 88 08 48 ff c0
0x00007ff8f511bcca:   48 8b c8 49 2b c8 49 3b c9 7c eb 42 c6 04 02 00
0x00007ff8f511bcda:   49 8b c0 48 8b 5c 24 30 48 83 c4 20 5f c3 48 8b
0x00007ff8f511bcea:   5c 24 30 c6 04 02 00 48 83 c4 20 5f c3 cc cc cc
0x00007ff8f511bcfa:   cc cc cc cc cc cc 4c 8b d1 45 85 c0 7e 6c 44 0f
0x00007ff8f511bd0a:   b7 49 04 41 8d 40 ff 41 3b c1 44 0f 4c c8 4d 63
0x00007ff8f511bd1a:   d9 45 85 c9 7e 22 48 8b ca 4c 2b d2 4d 8b c3 0f
0x00007ff8f511bd2a:   1f 80 00 00 00 00 41 0f b6 44 0a 06 88 01 48 8d
0x00007ff8f511bd3a:   49 01 49 83 e8 01 75 ee 41 c6 04 13 00 48 c7 c0
0x00007ff8f511bd4a:   ff ff ff ff 66 90 48 ff c0 80 3c 02 00 75 f7 48
0x00007ff8f511bd5a:   63 c8 85 c0 48 8b c2 7e 14 80 38 2f 75 03 c6 00
0x00007ff8f511bd6a:   2e 48 ff c0 48 83 e9 01 75 ef 48 8b c2 c3 cc cc
0x00007ff8f511bd7a:   cc cc cc cc cc cc 48 83 ec 28 e8 f7 fe ff ff 4c 


Stack slot to memory mapping:
stack at sp + 0 slots: 0x000000000000001a is an unknown value
stack at sp + 1 slots: 0x00000001001054c0 is a pointer to class: 
javaApp2.ch12.sec07.Person {0x00000001001054c8}
 - instance size:     3
 - klass size:        70
 - access:            synchronized 
 - state:             fully_initialized
 - name:              'javaApp2/ch12/sec07/Person'
 - super:             'java/lang/Object'
 - sub:               
 - arrays:            NULL
 - methods:           Array<T>(0x000001faf183cb08)
 - method ordering:   Array<T>(0x000001faf183ce28)
 - default_methods:   Array<T>(0x0000000000000000)
 - local interfaces:  Array<T>(0x000001faf183b0b0)
 - trans. interfaces: Array<T>(0x000001faf183b0b0)
 - constants:         constant pool [86] {0x000001faf183d410} for 'javaApp2/ch12/sec07/Person' cache=0x000001faf183d748
 - class loader data:  loader data: 0x000001faf08a2370 for instance a 'jdk/internal/loader/ClassLoaders$AppClassLoader'{0x00000000889df068}
 - source file:       'ComparableEx.java'
 - source debug extension:       SMAP
ComparableEx.java
Java
*S jdt
*F
1 ComparableEx.java
2 file:/D:/ai/study/java_study/java_study/javaApp2/bin/
*L
*E

 - class annotations:       Array<T>(0x0000000000000000)
 - class type annotations:  Array<T>(0x0000000000000000)
 - field annotations:       Array<T>(0x0000000000000000)
 - field type annotations:  Array<T>(0x0000000000000000)
 - previous version:  constant pool [64] {0x000001faf183ae38} for 'javaApp2/ch12/sec07/Person' (extra) cache=0x000001faf183b3e0
 - generic signature: '
[error occurred during error reporting (inspecting top of stack), id 0xc0000005, EXCEPTION_ACCESS_VIOLATION (0xc0000005) at pc=0x00007ff8f511c896]


---------------  P R O C E S S  ---------------

Threads class SMR info:
_java_thread_list=0x000001faf0f57d80, length=15, elements={
0x000001fad6710bb0, 0x000001faefe334a0, 0x000001faefe344a0, 0x000001faefea5230,
0x000001faefe7d7f0, 0x000001faf0818f10, 0x000001faf081b590, 0x000001faf08204a0,
0x000001faf0821540, 0x000001faf0834db0, 0x000001faf0818a40, 0x000001faf0a55160,
0x000001faf0abc190, 0x000001faf0abc680, 0x000001faf0818570
}

Java Threads: ( => current thread )
  0x000001fad6710bb0 JavaThread "main" [_thread_blocked, id=11620, stack(0x00000089f0800000,0x00000089f0900000)]
  0x000001faefe334a0 JavaThread "Reference Handler" daemon [_thread_blocked, id=5876, stack(0x00000089f0f00000,0x00000089f1000000)]
  0x000001faefe344a0 JavaThread "Finalizer" daemon [_thread_blocked, id=9904, stack(0x00000089f1000000,0x00000089f1100000)]
  0x000001faefea5230 JavaThread "Signal Dispatcher" daemon [_thread_blocked, id=7644, stack(0x00000089f1100000,0x00000089f1200000)]
  0x000001faefe7d7f0 JavaThread "Attach Listener" daemon [_thread_blocked, id=2228, stack(0x00000089f1200000,0x00000089f1300000)]
  0x000001faf0818f10 JavaThread "Service Thread" daemon [_thread_blocked, id=11520, stack(0x00000089f1300000,0x00000089f1400000)]
  0x000001faf081b590 JavaThread "Monitor Deflation Thread" daemon [_thread_blocked, id=14296, stack(0x00000089f1400000,0x00000089f1500000)]
  0x000001faf08204a0 JavaThread "C2 CompilerThread0" daemon [_thread_blocked, id=13184, stack(0x00000089f1500000,0x00000089f1600000)]
  0x000001faf0821540 JavaThread "C1 CompilerThread0" daemon [_thread_blocked, id=10184, stack(0x00000089f1600000,0x00000089f1700000)]
  0x000001faf0834db0 JavaThread "Sweeper thread" daemon [_thread_blocked, id=2672, stack(0x00000089f1700000,0x00000089f1800000)]
  0x000001faf0818a40 JavaThread "Common-Cleaner" daemon [_thread_blocked, id=11836, stack(0x00000089f1800000,0x00000089f1900000)]
=>0x000001faf0a55160 JavaThread "JDWP Transport Listener: dt_socket" daemon [_thread_in_vm, id=8008, stack(0x00000089f1900000,0x00000089f1a00000)]
  0x000001faf0abc190 JavaThread "JDWP Event Helper Thread" daemon [_thread_blocked, id=9556, stack(0x00000089f1a00000,0x00000089f1b00000)]
  0x000001faf0abc680 JavaThread "JDWP Command Reader" daemon [_thread_in_native, id=6428, stack(0x00000089f1b00000,0x00000089f1c00000)]
  0x000001faf0818570 JavaThread "Notification Thread" daemon [_thread_blocked, id=8256, stack(0x00000089f1d00000,0x00000089f1e00000)]

Other Threads:
  0x000001faefe2ddd0 VMThread "VM Thread" [stack: 0x00000089f0e00000,0x00000089f0f00000] [id=4268]
  0x000001faefe70e10 WatcherThread [stack: 0x00000089f1e00000,0x00000089f1f00000] [id=4452]
  0x000001fad674f310 GCTaskThread "GC Thread#0" [stack: 0x00000089f0900000,0x00000089f0a00000] [id=12976]
  0x000001fad67617d0 ConcurrentGCThread "G1 Main Marker" [stack: 0x00000089f0a00000,0x00000089f0b00000] [id=9720]
  0x000001fad67620f0 ConcurrentGCThread "G1 Conc#0" [stack: 0x00000089f0b00000,0x00000089f0c00000] [id=6532]
  0x000001fad67d85a0 ConcurrentGCThread "G1 Refine#0" [stack: 0x00000089f0c00000,0x00000089f0d00000] [id=1696]
  0x000001fad67d8ed0 ConcurrentGCThread "G1 Service" [stack: 0x00000089f0d00000,0x00000089f0e00000] [id=12016]

Threads with active compile tasks:

VM state: not at safepoint (normal execution)

VM Mutex/Monitor currently owned by a thread: None

Heap address: 0x0000000080a00000, size: 2038 MB, Compressed Oops mode: 32-bit

CDS archive(s) not mapped
Compressed class space mapped at: 0x0000000100000000-0x0000000140000000, reserved size: 1073741824
Narrow klass base: 0x0000000000000000, Narrow klass shift: 3, Narrow klass range: 0x140000000

GC Precious Log:
 CPUs: 4 total, 4 available
 Memory: 8144M
 Large Page Support: Disabled
 NUMA Support: Disabled
 Compressed Oops: Enabled (32-bit)
 Heap Region Size: 1M
 Heap Min Capacity: 8M
 Heap Initial Capacity: 128M
 Heap Max Capacity: 2038M
 Pre-touch: Disabled
 Parallel Workers: 4
 Concurrent Workers: 1
 Concurrent Refinement Workers: 4
 Periodic GC: Disabled

Heap:
 garbage-first heap   total 131072K, used 5120K [0x0000000080a00000, 0x0000000100000000)
  region size 1024K, 6 young (6144K), 0 survivors (0K)
 Metaspace       used 9336K, committed 9472K, reserved 1064960K
  class space    used 810K, committed 896K, reserved 1048576K

Heap Regions: E=young(eden), S=young(survivor), O=old, HS=humongous(starts), HC=humongous(continues), CS=collection set, F=free, OA=open archive, CA=closed archive, TAMS=top-at-mark-start (previous, next)
|   0|0x0000000080a00000, 0x0000000080a00000, 0x0000000080b00000|  0%| F|  |TAMS 0x0000000080a00000, 0x0000000080a00000| Untracked 
|   1|0x0000000080b00000, 0x0000000080b00000, 0x0000000080c00000|  0%| F|  |TAMS 0x0000000080b00000, 0x0000000080b00000| Untracked 
|   2|0x0000000080c00000, 0x0000000080c00000, 0x0000000080d00000|  0%| F|  |TAMS 0x0000000080c00000, 0x0000000080c00000| Untracked 
|   3|0x0000000080d00000, 0x0000000080d00000, 0x0000000080e00000|  0%| F|  |TAMS 0x0000000080d00000, 0x0000000080d00000| Untracked 
|   4|0x0000000080e00000, 0x0000000080e00000, 0x0000000080f00000|  0%| F|  |TAMS 0x0000000080e00000, 0x0000000080e00000| Untracked 
|   5|0x0000000080f00000, 0x0000000080f00000, 0x0000000081000000|  0%| F|  |TAMS 0x0000000080f00000, 0x0000000080f00000| Untracked 
|   6|0x0000000081000000, 0x0000000081000000, 0x0000000081100000|  0%| F|  |TAMS 0x0000000081000000, 0x0000000081000000| Untracked 
|   7|0x0000000081100000, 0x0000000081100000, 0x0000000081200000|  0%| F|  |TAMS 0x0000000081100000, 0x0000000081100000| Untracked 
|   8|0x0000000081200000, 0x0000000081200000, 0x0000000081300000|  0%| F|  |TAMS 0x0000000081200000, 0x0000000081200000| Untracked 
|   9|0x0000000081300000, 0x0000000081300000, 0x0000000081400000|  0%| F|  |TAMS 0x0000000081300000, 0x0000000081300000| Untracked 
|  10|0x0000000081400000, 0x0000000081400000, 0x0000000081500000|  0%| F|  |TAMS 0x0000000081400000, 0x0000000081400000| Untracked 
|  11|0x0000000081500000, 0x0000000081500000, 0x0000000081600000|  0%| F|  |TAMS 0x0000000081500000, 0x0000000081500000| Untracked 
|  12|0x0000000081600000, 0x0000000081600000, 0x0000000081700000|  0%| F|  |TAMS 0x0000000081600000, 0x0000000081600000| Untracked 
|  13|0x0000000081700000, 0x0000000081700000, 0x0000000081800000|  0%| F|  |TAMS 0x0000000081700000, 0x0000000081700000| Untracked 
|  14|0x0000000081800000, 0x0000000081800000, 0x0000000081900000|  0%| F|  |TAMS 0x0000000081800000, 0x0000000081800000| Untracked 
|  15|0x0000000081900000, 0x0000000081900000, 0x0000000081a00000|  0%| F|  |TAMS 0x0000000081900000, 0x0000000081900000| Untracked 
|  16|0x0000000081a00000, 0x0000000081a00000, 0x0000000081b00000|  0%| F|  |TAMS 0x0000000081a00000, 0x0000000081a00000| Untracked 
|  17|0x0000000081b00000, 0x0000000081b00000, 0x0000000081c00000|  0%| F|  |TAMS 0x0000000081b00000, 0x0000000081b00000| Untracked 
|  18|0x0000000081c00000, 0x0000000081c00000, 0x0000000081d00000|  0%| F|  |TAMS 0x0000000081c00000, 0x0000000081c00000| Untracked 
|  19|0x0000000081d00000, 0x0000000081d00000, 0x0000000081e00000|  0%| F|  |TAMS 0x0000000081d00000, 0x0000000081d00000| Untracked 
|  20|0x0000000081e00000, 0x0000000081e00000, 0x0000000081f00000|  0%| F|  |TAMS 0x0000000081e00000, 0x0000000081e00000| Untracked 
|  21|0x0000000081f00000, 0x0000000081f00000, 0x0000000082000000|  0%| F|  |TAMS 0x0000000081f00000, 0x0000000081f00000| Untracked 
|  22|0x0000000082000000, 0x0000000082000000, 0x0000000082100000|  0%| F|  |TAMS 0x0000000082000000, 0x0000000082000000| Untracked 
|  23|0x0000000082100000, 0x0000000082100000, 0x0000000082200000|  0%| F|  |TAMS 0x0000000082100000, 0x0000000082100000| Untracked 
|  24|0x0000000082200000, 0x0000000082200000, 0x0000000082300000|  0%| F|  |TAMS 0x0000000082200000, 0x0000000082200000| Untracked 
|  25|0x0000000082300000, 0x0000000082300000, 0x0000000082400000|  0%| F|  |TAMS 0x0000000082300000, 0x0000000082300000| Untracked 
|  26|0x0000000082400000, 0x0000000082400000, 0x0000000082500000|  0%| F|  |TAMS 0x0000000082400000, 0x0000000082400000| Untracked 
|  27|0x0000000082500000, 0x0000000082500000, 0x0000000082600000|  0%| F|  |TAMS 0x0000000082500000, 0x0000000082500000| Untracked 
|  28|0x0000000082600000, 0x0000000082600000, 0x0000000082700000|  0%| F|  |TAMS 0x0000000082600000, 0x0000000082600000| Untracked 
|  29|0x0000000082700000, 0x0000000082700000, 0x0000000082800000|  0%| F|  |TAMS 0x0000000082700000, 0x0000000082700000| Untracked 
|  30|0x0000000082800000, 0x0000000082800000, 0x0000000082900000|  0%| F|  |TAMS 0x0000000082800000, 0x0000000082800000| Untracked 
|  31|0x0000000082900000, 0x0000000082900000, 0x0000000082a00000|  0%| F|  |TAMS 0x0000000082900000, 0x0000000082900000| Untracked 
|  32|0x0000000082a00000, 0x0000000082a00000, 0x0000000082b00000|  0%| F|  |TAMS 0x0000000082a00000, 0x0000000082a00000| Untracked 
|  33|0x0000000082b00000, 0x0000000082b00000, 0x0000000082c00000|  0%| F|  |TAMS 0x0000000082b00000, 0x0000000082b00000| Untracked 
|  34|0x0000000082c00000, 0x0000000082c00000, 0x0000000082d00000|  0%| F|  |TAMS 0x0000000082c00000, 0x0000000082c00000| Untracked 
|  35|0x0000000082d00000, 0x0000000082d00000, 0x0000000082e00000|  0%| F|  |TAMS 0x0000000082d00000, 0x0000000082d00000| Untracked 
|  36|0x0000000082e00000, 0x0000000082e00000, 0x0000000082f00000|  0%| F|  |TAMS 0x0000000082e00000, 0x0000000082e00000| Untracked 
|  37|0x0000000082f00000, 0x0000000082f00000, 0x0000000083000000|  0%| F|  |TAMS 0x0000000082f00000, 0x0000000082f00000| Untracked 
|  38|0x0000000083000000, 0x0000000083000000, 0x0000000083100000|  0%| F|  |TAMS 0x0000000083000000, 0x0000000083000000| Untracked 
|  39|0x0000000083100000, 0x0000000083100000, 0x0000000083200000|  0%| F|  |TAMS 0x0000000083100000, 0x0000000083100000| Untracked 
|  40|0x0000000083200000, 0x0000000083200000, 0x0000000083300000|  0%| F|  |TAMS 0x0000000083200000, 0x0000000083200000| Untracked 
|  41|0x0000000083300000, 0x0000000083300000, 0x0000000083400000|  0%| F|  |TAMS 0x0000000083300000, 0x0000000083300000| Untracked 
|  42|0x0000000083400000, 0x0000000083400000, 0x0000000083500000|  0%| F|  |TAMS 0x0000000083400000, 0x0000000083400000| Untracked 
|  43|0x0000000083500000, 0x0000000083500000, 0x0000000083600000|  0%| F|  |TAMS 0x0000000083500000, 0x0000000083500000| Untracked 
|  44|0x0000000083600000, 0x0000000083600000, 0x0000000083700000|  0%| F|  |TAMS 0x0000000083600000, 0x0000000083600000| Untracked 
|  45|0x0000000083700000, 0x0000000083700000, 0x0000000083800000|  0%| F|  |TAMS 0x0000000083700000, 0x0000000083700000| Untracked 
|  46|0x0000000083800000, 0x0000000083800000, 0x0000000083900000|  0%| F|  |TAMS 0x0000000083800000, 0x0000000083800000| Untracked 
|  47|0x0000000083900000, 0x0000000083900000, 0x0000000083a00000|  0%| F|  |TAMS 0x0000000083900000, 0x0000000083900000| Untracked 
|  48|0x0000000083a00000, 0x0000000083a00000, 0x0000000083b00000|  0%| F|  |TAMS 0x0000000083a00000, 0x0000000083a00000| Untracked 
|  49|0x0000000083b00000, 0x0000000083b00000, 0x0000000083c00000|  0%| F|  |TAMS 0x0000000083b00000, 0x0000000083b00000| Untracked 
|  50|0x0000000083c00000, 0x0000000083c00000, 0x0000000083d00000|  0%| F|  |TAMS 0x0000000083c00000, 0x0000000083c00000| Untracked 
|  51|0x0000000083d00000, 0x0000000083d00000, 0x0000000083e00000|  0%| F|  |TAMS 0x0000000083d00000, 0x0000000083d00000| Untracked 
|  52|0x0000000083e00000, 0x0000000083e00000, 0x0000000083f00000|  0%| F|  |TAMS 0x0000000083e00000, 0x0000000083e00000| Untracked 
|  53|0x0000000083f00000, 0x0000000083f00000, 0x0000000084000000|  0%| F|  |TAMS 0x0000000083f00000, 0x0000000083f00000| Untracked 
|  54|0x0000000084000000, 0x0000000084000000, 0x0000000084100000|  0%| F|  |TAMS 0x0000000084000000, 0x0000000084000000| Untracked 
|  55|0x0000000084100000, 0x0000000084100000, 0x0000000084200000|  0%| F|  |TAMS 0x0000000084100000, 0x0000000084100000| Untracked 
|  56|0x0000000084200000, 0x0000000084200000, 0x0000000084300000|  0%| F|  |TAMS 0x0000000084200000, 0x0000000084200000| Untracked 
|  57|0x0000000084300000, 0x0000000084300000, 0x0000000084400000|  0%| F|  |TAMS 0x0000000084300000, 0x0000000084300000| Untracked 
|  58|0x0000000084400000, 0x0000000084400000, 0x0000000084500000|  0%| F|  |TAMS 0x0000000084400000, 0x0000000084400000| Untracked 
|  59|0x0000000084500000, 0x0000000084500000, 0x0000000084600000|  0%| F|  |TAMS 0x0000000084500000, 0x0000000084500000| Untracked 
|  60|0x0000000084600000, 0x0000000084600000, 0x0000000084700000|  0%| F|  |TAMS 0x0000000084600000, 0x0000000084600000| Untracked 
|  61|0x0000000084700000, 0x0000000084700000, 0x0000000084800000|  0%| F|  |TAMS 0x0000000084700000, 0x0000000084700000| Untracked 
|  62|0x0000000084800000, 0x0000000084800000, 0x0000000084900000|  0%| F|  |TAMS 0x0000000084800000, 0x0000000084800000| Untracked 
|  63|0x0000000084900000, 0x0000000084900000, 0x0000000084a00000|  0%| F|  |TAMS 0x0000000084900000, 0x0000000084900000| Untracked 
|  64|0x0000000084a00000, 0x0000000084a00000, 0x0000000084b00000|  0%| F|  |TAMS 0x0000000084a00000, 0x0000000084a00000| Untracked 
|  65|0x0000000084b00000, 0x0000000084b00000, 0x0000000084c00000|  0%| F|  |TAMS 0x0000000084b00000, 0x0000000084b00000| Untracked 
|  66|0x0000000084c00000, 0x0000000084c00000, 0x0000000084d00000|  0%| F|  |TAMS 0x0000000084c00000, 0x0000000084c00000| Untracked 
|  67|0x0000000084d00000, 0x0000000084d00000, 0x0000000084e00000|  0%| F|  |TAMS 0x0000000084d00000, 0x0000000084d00000| Untracked 
|  68|0x0000000084e00000, 0x0000000084e00000, 0x0000000084f00000|  0%| F|  |TAMS 0x0000000084e00000, 0x0000000084e00000| Untracked 
|  69|0x0000000084f00000, 0x0000000084f00000, 0x0000000085000000|  0%| F|  |TAMS 0x0000000084f00000, 0x0000000084f00000| Untracked 
|  70|0x0000000085000000, 0x0000000085000000, 0x0000000085100000|  0%| F|  |TAMS 0x0000000085000000, 0x0000000085000000| Untracked 
|  71|0x0000000085100000, 0x0000000085100000, 0x0000000085200000|  0%| F|  |TAMS 0x0000000085100000, 0x0000000085100000| Untracked 
|  72|0x0000000085200000, 0x0000000085200000, 0x0000000085300000|  0%| F|  |TAMS 0x0000000085200000, 0x0000000085200000| Untracked 
|  73|0x0000000085300000, 0x0000000085300000, 0x0000000085400000|  0%| F|  |TAMS 0x0000000085300000, 0x0000000085300000| Untracked 
|  74|0x0000000085400000, 0x0000000085400000, 0x0000000085500000|  0%| F|  |TAMS 0x0000000085400000, 0x0000000085400000| Untracked 
|  75|0x0000000085500000, 0x0000000085500000, 0x0000000085600000|  0%| F|  |TAMS 0x0000000085500000, 0x0000000085500000| Untracked 
|  76|0x0000000085600000, 0x0000000085600000, 0x0000000085700000|  0%| F|  |TAMS 0x0000000085600000, 0x0000000085600000| Untracked 
|  77|0x0000000085700000, 0x0000000085700000, 0x0000000085800000|  0%| F|  |TAMS 0x0000000085700000, 0x0000000085700000| Untracked 
|  78|0x0000000085800000, 0x0000000085800000, 0x0000000085900000|  0%| F|  |TAMS 0x0000000085800000, 0x0000000085800000| Untracked 
|  79|0x0000000085900000, 0x0000000085900000, 0x0000000085a00000|  0%| F|  |TAMS 0x0000000085900000, 0x0000000085900000| Untracked 
|  80|0x0000000085a00000, 0x0000000085a00000, 0x0000000085b00000|  0%| F|  |TAMS 0x0000000085a00000, 0x0000000085a00000| Untracked 
|  81|0x0000000085b00000, 0x0000000085b00000, 0x0000000085c00000|  0%| F|  |TAMS 0x0000000085b00000, 0x0000000085b00000| Untracked 
|  82|0x0000000085c00000, 0x0000000085c00000, 0x0000000085d00000|  0%| F|  |TAMS 0x0000000085c00000, 0x0000000085c00000| Untracked 
|  83|0x0000000085d00000, 0x0000000085d00000, 0x0000000085e00000|  0%| F|  |TAMS 0x0000000085d00000, 0x0000000085d00000| Untracked 
|  84|0x0000000085e00000, 0x0000000085e00000, 0x0000000085f00000|  0%| F|  |TAMS 0x0000000085e00000, 0x0000000085e00000| Untracked 
|  85|0x0000000085f00000, 0x0000000085f00000, 0x0000000086000000|  0%| F|  |TAMS 0x0000000085f00000, 0x0000000085f00000| Untracked 
|  86|0x0000000086000000, 0x0000000086000000, 0x0000000086100000|  0%| F|  |TAMS 0x0000000086000000, 0x0000000086000000| Untracked 
|  87|0x0000000086100000, 0x0000000086100000, 0x0000000086200000|  0%| F|  |TAMS 0x0000000086100000, 0x0000000086100000| Untracked 
|  88|0x0000000086200000, 0x0000000086200000, 0x0000000086300000|  0%| F|  |TAMS 0x0000000086200000, 0x0000000086200000| Untracked 
|  89|0x0000000086300000, 0x0000000086300000, 0x0000000086400000|  0%| F|  |TAMS 0x0000000086300000, 0x0000000086300000| Untracked 
|  90|0x0000000086400000, 0x0000000086400000, 0x0000000086500000|  0%| F|  |TAMS 0x0000000086400000, 0x0000000086400000| Untracked 
|  91|0x0000000086500000, 0x0000000086500000, 0x0000000086600000|  0%| F|  |TAMS 0x0000000086500000, 0x0000000086500000| Untracked 
|  92|0x0000000086600000, 0x0000000086600000, 0x0000000086700000|  0%| F|  |TAMS 0x0000000086600000, 0x0000000086600000| Untracked 
|  93|0x0000000086700000, 0x0000000086700000, 0x0000000086800000|  0%| F|  |TAMS 0x0000000086700000, 0x0000000086700000| Untracked 
|  94|0x0000000086800000, 0x0000000086800000, 0x0000000086900000|  0%| F|  |TAMS 0x0000000086800000, 0x0000000086800000| Untracked 
|  95|0x0000000086900000, 0x0000000086900000, 0x0000000086a00000|  0%| F|  |TAMS 0x0000000086900000, 0x0000000086900000| Untracked 
|  96|0x0000000086a00000, 0x0000000086a00000, 0x0000000086b00000|  0%| F|  |TAMS 0x0000000086a00000, 0x0000000086a00000| Untracked 
|  97|0x0000000086b00000, 0x0000000086b00000, 0x0000000086c00000|  0%| F|  |TAMS 0x0000000086b00000, 0x0000000086b00000| Untracked 
|  98|0x0000000086c00000, 0x0000000086c00000, 0x0000000086d00000|  0%| F|  |TAMS 0x0000000086c00000, 0x0000000086c00000| Untracked 
|  99|0x0000000086d00000, 0x0000000086d00000, 0x0000000086e00000|  0%| F|  |TAMS 0x0000000086d00000, 0x0000000086d00000| Untracked 
| 100|0x0000000086e00000, 0x0000000086e00000, 0x0000000086f00000|  0%| F|  |TAMS 0x0000000086e00000, 0x0000000086e00000| Untracked 
| 101|0x0000000086f00000, 0x0000000086f00000, 0x0000000087000000|  0%| F|  |TAMS 0x0000000086f00000, 0x0000000086f00000| Untracked 
| 102|0x0000000087000000, 0x0000000087000000, 0x0000000087100000|  0%| F|  |TAMS 0x0000000087000000, 0x0000000087000000| Untracked 
| 103|0x0000000087100000, 0x0000000087100000, 0x0000000087200000|  0%| F|  |TAMS 0x0000000087100000, 0x0000000087100000| Untracked 
| 104|0x0000000087200000, 0x0000000087200000, 0x0000000087300000|  0%| F|  |TAMS 0x0000000087200000, 0x0000000087200000| Untracked 
| 105|0x0000000087300000, 0x0000000087300000, 0x0000000087400000|  0%| F|  |TAMS 0x0000000087300000, 0x0000000087300000| Untracked 
| 106|0x0000000087400000, 0x0000000087400000, 0x0000000087500000|  0%| F|  |TAMS 0x0000000087400000, 0x0000000087400000| Untracked 
| 107|0x0000000087500000, 0x0000000087500000, 0x0000000087600000|  0%| F|  |TAMS 0x0000000087500000, 0x0000000087500000| Untracked 
| 108|0x0000000087600000, 0x0000000087600000, 0x0000000087700000|  0%| F|  |TAMS 0x0000000087600000, 0x0000000087600000| Untracked 
| 109|0x0000000087700000, 0x0000000087700000, 0x0000000087800000|  0%| F|  |TAMS 0x0000000087700000, 0x0000000087700000| Untracked 
| 110|0x0000000087800000, 0x0000000087800000, 0x0000000087900000|  0%| F|  |TAMS 0x0000000087800000, 0x0000000087800000| Untracked 
| 111|0x0000000087900000, 0x0000000087900000, 0x0000000087a00000|  0%| F|  |TAMS 0x0000000087900000, 0x0000000087900000| Untracked 
| 112|0x0000000087a00000, 0x0000000087a00000, 0x0000000087b00000|  0%| F|  |TAMS 0x0000000087a00000, 0x0000000087a00000| Untracked 
| 113|0x0000000087b00000, 0x0000000087b00000, 0x0000000087c00000|  0%| F|  |TAMS 0x0000000087b00000, 0x0000000087b00000| Untracked 
| 114|0x0000000087c00000, 0x0000000087c00000, 0x0000000087d00000|  0%| F|  |TAMS 0x0000000087c00000, 0x0000000087c00000| Untracked 
| 115|0x0000000087d00000, 0x0000000087d00000, 0x0000000087e00000|  0%| F|  |TAMS 0x0000000087d00000, 0x0000000087d00000| Untracked 
| 116|0x0000000087e00000, 0x0000000087e00000, 0x0000000087f00000|  0%| F|  |TAMS 0x0000000087e00000, 0x0000000087e00000| Untracked 
| 117|0x0000000087f00000, 0x0000000087f00000, 0x0000000088000000|  0%| F|  |TAMS 0x0000000087f00000, 0x0000000087f00000| Untracked 
| 118|0x0000000088000000, 0x0000000088000000, 0x0000000088100000|  0%| F|  |TAMS 0x0000000088000000, 0x0000000088000000| Untracked 
| 119|0x0000000088100000, 0x0000000088100000, 0x0000000088200000|  0%| F|  |TAMS 0x0000000088100000, 0x0000000088100000| Untracked 
| 120|0x0000000088200000, 0x0000000088200000, 0x0000000088300000|  0%| F|  |TAMS 0x0000000088200000, 0x0000000088200000| Untracked 
| 121|0x0000000088300000, 0x0000000088300000, 0x0000000088400000|  0%| F|  |TAMS 0x0000000088300000, 0x0000000088300000| Untracked 
| 122|0x0000000088400000, 0x000000008844ace8, 0x0000000088500000| 29%| E|  |TAMS 0x0000000088400000, 0x0000000088400000| Complete 
| 123|0x0000000088500000, 0x0000000088600000, 0x0000000088600000|100%| E|CS|TAMS 0x0000000088500000, 0x0000000088500000| Complete 
| 124|0x0000000088600000, 0x0000000088700000, 0x0000000088700000|100%| E|CS|TAMS 0x0000000088600000, 0x0000000088600000| Complete 
| 125|0x0000000088700000, 0x0000000088800000, 0x0000000088800000|100%| E|CS|TAMS 0x0000000088700000, 0x0000000088700000| Complete 
| 126|0x0000000088800000, 0x0000000088900000, 0x0000000088900000|100%| E|CS|TAMS 0x0000000088800000, 0x0000000088800000| Complete 
| 127|0x0000000088900000, 0x0000000088a00000, 0x0000000088a00000|100%| E|CS|TAMS 0x0000000088900000, 0x0000000088900000| Complete 

Card table byte_map: [0x000001fae91c0000,0x000001fae95c0000] _byte_map_base: 0x000001fae8dbb000

Marking Bits (Prev, Next): (CMBitMap*) 0x000001fad6750840, (CMBitMap*) 0x000001fad6750880
 Prev Bits: [0x000001fae99c0000, 0x000001faeb998000)
 Next Bits: [0x000001faeb9a0000, 0x000001faed978000)

Polling page: 0x000001fad45f0000

Metaspace:

Usage:
  Non-class:      8.33 MB used.
      Class:    810.59 KB used.
       Both:      9.12 MB used.

Virtual space:
  Non-class space:       16.00 MB reserved,       8.38 MB ( 52%) committed,  2 nodes.
      Class space:        1.00 GB reserved,     896.00 KB ( <1%) committed,  1 nodes.
             Both:        1.02 GB reserved,       9.25 MB ( <1%) committed. 

Chunk freelists:
   Non-Class:  2.75 MB
       Class:  2.97 MB
        Both:  5.72 MB

MaxMetaspaceSize: unlimited
CompressedClassSpaceSize: 1.00 GB
Initial GC threshold: 21.00 MB
Current GC threshold: 21.00 MB
CDS: off
MetaspaceReclaimPolicy: balanced
 - commit_granule_bytes: 65536.
 - commit_granule_words: 8192.
 - virtual_space_node_default_size: 1048576.
 - enlarge_chunks_in_place: 1.
 - new_chunks_are_fully_committed: 0.
 - uncommit_free_chunks: 1.
 - use_allocation_guard: 0.
 - handle_deallocations: 1.


Internal statistics:

num_allocs_failed_limit: 0.
num_arena_births: 8.
num_arena_deaths: 0.
num_vsnodes_births: 3.
num_vsnodes_deaths: 0.
num_space_committed: 148.
num_space_uncommitted: 0.
num_chunks_returned_to_freelist: 0.
num_chunks_taken_from_freelist: 46.
num_chunk_merges: 0.
num_chunk_splits: 19.
num_chunks_enlarged: 15.
num_purges: 0.
num_inconsistent_stats: 0.

CodeHeap 'non-profiled nmethods': size=120000Kb used=125Kb max_used=125Kb free=119874Kb
 bounds [0x000001fae1890000, 0x000001fae1b00000, 0x000001fae8dc0000]
CodeHeap 'profiled nmethods': size=120000Kb used=556Kb max_used=556Kb free=119443Kb
 bounds [0x000001fada360000, 0x000001fada5d0000, 0x000001fae1890000]
CodeHeap 'non-nmethods': size=5760Kb used=1199Kb max_used=1219Kb free=4560Kb
 bounds [0x000001fad9dc0000, 0x000001fada030000, 0x000001fada360000]
 total_blobs=795 nmethods=379 adapters=329
 compilation: enabled
              stopped_count=0, restarted_count=0
 full_count=0

Compilation events (20 events):
Event: 0.357 Thread 0x000001faf0821540 nmethod 370 0x000001fada3e7890 code [0x000001fada3e7a40, 0x000001fada3e7c28]
Event: 0.359 Thread 0x000001faf0821540  371       3       java.lang.StringConcatHelper::stringOf (20 bytes)
Event: 0.360 Thread 0x000001faf0821540 nmethod 371 0x000001fada3e7d10 code [0x000001fada3e7ec0, 0x000001fada3e8108]
Event: 0.360 Thread 0x000001faf0821540  373       3       sun.security.x509.X509CertImpl::getEncodedInternal (20 bytes)
Event: 0.360 Thread 0x000001faf0821540 nmethod 373 0x000001fada3e8210 code [0x000001fada3e8440, 0x000001fada3e8c08]
Event: 0.360 Thread 0x000001faf0821540  372       3       java.lang.StringConcatHelper::mix (27 bytes)
Event: 0.360 Thread 0x000001faf0821540 nmethod 372 0x000001fada3e8e90 code [0x000001fada3e9060, 0x000001fada3e9488]
Event: 0.360 Thread 0x000001faf0821540  374       1       java.util.zip.ZipCoder$UTF8ZipCoder::isUTF8 (2 bytes)
Event: 0.360 Thread 0x000001faf0821540 nmethod 374 0x000001fae18ad910 code [0x000001fae18adaa0, 0x000001fae18adb78]
Event: 0.363 Thread 0x000001faf0821540  375       3       org.eclipse.jdt.launching.internal.org.objectweb.asm.ClassReader::readUnsignedShort (26 bytes)
Event: 0.363 Thread 0x000001faf0821540 nmethod 375 0x000001fada3e9690 code [0x000001fada3e9820, 0x000001fada3e9998]
Event: 0.367 Thread 0x000001faf0b5f390 nmethod 345 0x000001fae18adc10 code [0x000001fae18addc0, 0x000001fae18af078]
Event: 21.527 Thread 0x000001faf0821540  376       3       org.eclipse.jdt.launching.internal.org.objectweb.asm.ClassReader::readUtf (44 bytes)
Event: 21.528 Thread 0x000001faf0821540 nmethod 376 0x000001fada3e9a90 code [0x000001fada3e9c60, 0x000001fada3ea058]
Event: 21.528 Thread 0x000001faf0821540  377       3       java.lang.String::<init> (74 bytes)
Event: 21.528 Thread 0x000001faf0821540 nmethod 377 0x000001fada3ea210 code [0x000001fada3ea3e0, 0x000001fada3ea7f8]
Event: 21.528 Thread 0x000001faf0821540  378       3       java.lang.StringUTF16::compress (20 bytes)
Event: 21.529 Thread 0x000001faf0821540 nmethod 378 0x000001fada3ea910 code [0x000001fada3eaac0, 0x000001fada3ead08]
Event: 21.529 Thread 0x000001faf0821540  379       3       org.eclipse.jdt.launching.internal.org.objectweb.asm.SymbolTable::hash (10 bytes)
Event: 21.530 Thread 0x000001faf0821540 nmethod 379 0x000001fada3eae10 code [0x000001fada3eafa0, 0x000001fada3eb0e8]

GC Heap History (0 events):
No events

Deoptimization events (20 events):
Event: 0.350 Thread 0x000001fad6710bb0 DEOPT PACKING pc=0x000001fada3cd72c sp=0x00000089f08fbcb0
Event: 0.350 Thread 0x000001fad6710bb0 DEOPT UNPACKING pc=0x000001fad9e12b43 sp=0x00000089f08fb118 mode 0
Event: 0.350 Thread 0x000001fad6710bb0 DEOPT PACKING pc=0x000001fada3cd72c sp=0x00000089f08fbcb0
Event: 0.350 Thread 0x000001fad6710bb0 DEOPT UNPACKING pc=0x000001fad9e12b43 sp=0x00000089f08fb118 mode 0
Event: 0.355 Thread 0x000001fad6710bb0 DEOPT PACKING pc=0x000001fada3cd72c sp=0x00000089f08fbbe0
Event: 0.355 Thread 0x000001fad6710bb0 DEOPT UNPACKING pc=0x000001fad9e12b43 sp=0x00000089f08fb048 mode 0
Event: 0.356 Thread 0x000001fad6710bb0 Uncommon trap: trap_request=0xffffff45 fr.pc=0x000001fae18995b8 relative=0x0000000000000238
Event: 0.356 Thread 0x000001fad6710bb0 Uncommon trap: reason=unstable_if action=reinterpret pc=0x000001fae18995b8 method=java.lang.String.isLatin1()Z @ 10 c2
Event: 0.356 Thread 0x000001fad6710bb0 DEOPT PACKING pc=0x000001fae18995b8 sp=0x00000089f08fcc60
Event: 0.356 Thread 0x000001fad6710bb0 DEOPT UNPACKING pc=0x000001fad9e123a3 sp=0x00000089f08fcba8 mode 2
Event: 0.356 Thread 0x000001fad6710bb0 Uncommon trap: trap_request=0xffffff45 fr.pc=0x000001fae189d5e0 relative=0x0000000000000060
Event: 0.356 Thread 0x000001fad6710bb0 Uncommon trap: reason=unstable_if action=reinterpret pc=0x000001fae189d5e0 method=java.lang.String.isLatin1()Z @ 10 c2
Event: 0.356 Thread 0x000001fad6710bb0 DEOPT PACKING pc=0x000001fae189d5e0 sp=0x00000089f08fcc00
Event: 0.356 Thread 0x000001fad6710bb0 DEOPT UNPACKING pc=0x000001fad9e123a3 sp=0x00000089f08fcba0 mode 2
Event: 0.361 Thread 0x000001fad6710bb0 DEOPT PACKING pc=0x000001fada3cd72c sp=0x00000089f08f7e50
Event: 0.361 Thread 0x000001fad6710bb0 DEOPT UNPACKING pc=0x000001fad9e12b43 sp=0x00000089f08f72b8 mode 0
Event: 0.361 Thread 0x000001fad6710bb0 DEOPT PACKING pc=0x000001fada3cd72c sp=0x00000089f08f7e50
Event: 0.361 Thread 0x000001fad6710bb0 DEOPT UNPACKING pc=0x000001fad9e12b43 sp=0x00000089f08f72b8 mode 0
Event: 0.361 Thread 0x000001fad6710bb0 DEOPT PACKING pc=0x000001fada3cd72c sp=0x00000089f08f7e50
Event: 0.361 Thread 0x000001fad6710bb0 DEOPT UNPACKING pc=0x000001fad9e12b43 sp=0x00000089f08f72b8 mode 0

Classes unloaded (0 events):
No events

Classes redefined (2 events):
Event: 21.528 Thread 0x000001faefe2ddd0 redefined class name=javaApp2.ch12.sec07.ComparableEx, count=1
Event: 21.528 Thread 0x000001faefe2ddd0 redefined class name=javaApp2.ch12.sec07.Person, count=1

Internal exceptions (0 events):
No events

VM Operations (20 events):
Event: 0.133 Executing VM operation: HandshakeAllThreads
Event: 0.133 Executing VM operation: HandshakeAllThreads done
Event: 0.155 Executing VM operation: ChangeBreakpoints
Event: 0.155 Executing VM operation: ChangeBreakpoints done
Event: 0.189 Executing VM operation: ChangeBreakpoints
Event: 0.189 Executing VM operation: ChangeBreakpoints done
Event: 1.196 Executing VM operation: Cleanup
Event: 1.196 Executing VM operation: Cleanup done
Event: 21.523 Executing VM operation: ChangeSingleStep
Event: 21.523 Executing VM operation: ChangeSingleStep done
Event: 21.524 Executing VM operation: ChangeSingleStep
Event: 21.524 Executing VM operation: ChangeSingleStep done
Event: 21.528 Executing VM operation: RedefineClasses
Event: 21.529 Executing VM operation: RedefineClasses done
Event: 21.531 Executing VM operation: ChangeSingleStep
Event: 21.531 Executing VM operation: ChangeSingleStep done
Event: 21.531 Executing VM operation: get/set locals
Event: 21.531 Executing VM operation: get/set locals done
Event: 21.532 Executing VM operation: ChangeSingleStep
Event: 21.532 Executing VM operation: ChangeSingleStep done

Events (20 events):
Event: 0.342 loading class jdk/internal/reflect/ClassFileAssembler done
Event: 0.342 loading class jdk/internal/reflect/UTF8
Event: 0.342 loading class jdk/internal/reflect/UTF8 done
Event: 0.342 loading class jdk/internal/reflect/Label
Event: 0.342 loading class jdk/internal/reflect/Label done
Event: 0.342 loading class jdk/internal/reflect/Label$PatchInfo
Event: 0.342 loading class jdk/internal/reflect/Label$PatchInfo done
Event: 0.342 loading class jdk/internal/reflect/MethodAccessorGenerator$1
Event: 0.342 loading class jdk/internal/reflect/MethodAccessorGenerator$1 done
Event: 0.342 loading class jdk/internal/reflect/ClassDefiner
Event: 0.342 loading class jdk/internal/reflect/ClassDefiner done
Event: 0.342 loading class jdk/internal/reflect/ClassDefiner$1
Event: 0.342 loading class jdk/internal/reflect/ClassDefiner$1 done
Event: 0.343 loading class jdk/internal/reflect/BootstrapConstructorAccessorImpl
Event: 0.343 loading class jdk/internal/reflect/BootstrapConstructorAccessorImpl done
Event: 0.346 loading class java/lang/TypeNotPresentException
Event: 0.346 loading class java/lang/TypeNotPresentException done
Event: 0.362 loading class java/lang/IllegalStateException
Event: 0.362 loading class java/lang/IllegalStateException done
Event: 5.383 Thread 0x000001faf0b5f390 Thread exited: 0x000001faf0b5f390


Dynamic libraries:
0x00007ff670160000 - 0x00007ff67016e000 	D:\ai\install_program\eclipse\plugins\org.eclipse.justj.openjdk.hotspot.jre.full.win32.x86_64_17.0.1.v20211116-1657\jre\bin\javaw.exe
0x00007ff96ae90000 - 0x00007ff96b088000 	C:\Windows\SYSTEM32\ntdll.dll
0x00007ff9692f0000 - 0x00007ff9693af000 	C:\Windows\System32\KERNEL32.DLL
0x00007ff968970000 - 0x00007ff968c66000 	C:\Windows\System32\KERNELBASE.dll
0x00007ff968870000 - 0x00007ff968970000 	C:\Windows\System32\ucrtbase.dll
0x00007ff963fc0000 - 0x00007ff963fd8000 	D:\ai\install_program\eclipse\plugins\org.eclipse.justj.openjdk.hotspot.jre.full.win32.x86_64_17.0.1.v20211116-1657\jre\bin\jli.dll
0x00007ff963fe0000 - 0x00007ff963ff9000 	D:\ai\install_program\eclipse\plugins\org.eclipse.justj.openjdk.hotspot.jre.full.win32.x86_64_17.0.1.v20211116-1657\jre\bin\VCRUNTIME140.dll
0x00007ff968fc0000 - 0x00007ff96915d000 	C:\Windows\System32\USER32.dll
0x00007ff9685e0000 - 0x00007ff968602000 	C:\Windows\System32\win32u.dll
0x00007ff969560000 - 0x00007ff96958c000 	C:\Windows\System32\GDI32.dll
0x00007ff968dd0000 - 0x00007ff968ee5000 	C:\Windows\System32\gdi32full.dll
0x00007ff9686d0000 - 0x00007ff96876d000 	C:\Windows\System32\msvcp_win.dll
0x00007ff955160000 - 0x00007ff9553fa000 	C:\Windows\WinSxS\amd64_microsoft.windows.common-controls_6595b64144ccf1df_6.0.19041.1110_none_60b5254171f9507e\COMCTL32.dll
0x00007ff9695f0000 - 0x00007ff96968e000 	C:\Windows\System32\msvcrt.dll
0x00007ff96a2a0000 - 0x00007ff96a2d0000 	C:\Windows\System32\IMM32.DLL
0x00007ff963f90000 - 0x00007ff963f9c000 	D:\ai\install_program\eclipse\plugins\org.eclipse.justj.openjdk.hotspot.jre.full.win32.x86_64_17.0.1.v20211116-1657\jre\bin\vcruntime140_1.dll
0x00007ff951fb0000 - 0x00007ff952041000 	D:\ai\install_program\eclipse\plugins\org.eclipse.justj.openjdk.hotspot.jre.full.win32.x86_64_17.0.1.v20211116-1657\jre\bin\msvcp140.dll
0x00007ff8f4980000 - 0x00007ff8f55c6000 	D:\ai\install_program\eclipse\plugins\org.eclipse.justj.openjdk.hotspot.jre.full.win32.x86_64_17.0.1.v20211116-1657\jre\bin\server\jvm.dll
0x00007ff96aa90000 - 0x00007ff96ab3f000 	C:\Windows\System32\ADVAPI32.dll
0x00007ff969c60000 - 0x00007ff969cfc000 	C:\Windows\System32\sechost.dll
0x00007ff969d00000 - 0x00007ff969e26000 	C:\Windows\System32\RPCRT4.dll
0x00007ff9697c0000 - 0x00007ff9697c8000 	C:\Windows\System32\PSAPI.DLL
0x00007ff950a10000 - 0x00007ff950a19000 	C:\Windows\SYSTEM32\WSOCK32.dll
0x00007ff9626b0000 - 0x00007ff9626ba000 	C:\Windows\SYSTEM32\VERSION.dll
0x00007ff969690000 - 0x00007ff9696fb000 	C:\Windows\System32\WS2_32.dll
0x00007ff95f590000 - 0x00007ff95f5b7000 	C:\Windows\SYSTEM32\WINMM.dll
0x00007ff966440000 - 0x00007ff966452000 	C:\Windows\SYSTEM32\kernel.appcore.dll
0x00007ff953140000 - 0x00007ff95314a000 	D:\ai\install_program\eclipse\plugins\org.eclipse.justj.openjdk.hotspot.jre.full.win32.x86_64_17.0.1.v20211116-1657\jre\bin\jimage.dll
0x00007ff94e480000 - 0x00007ff94e664000 	C:\Windows\SYSTEM32\DBGHELP.DLL
0x00007ff94ac10000 - 0x00007ff94ac44000 	C:\Windows\SYSTEM32\dbgcore.DLL
0x00007ff968640000 - 0x00007ff9686c2000 	C:\Windows\System32\bcryptPrimitives.dll
0x00007ff960460000 - 0x00007ff96049b000 	D:\ai\install_program\eclipse\plugins\org.eclipse.justj.openjdk.hotspot.jre.full.win32.x86_64_17.0.1.v20211116-1657\jre\bin\jdwp.dll
0x00007ff9639c0000 - 0x00007ff9639ce000 	D:\ai\install_program\eclipse\plugins\org.eclipse.justj.openjdk.hotspot.jre.full.win32.x86_64_17.0.1.v20211116-1657\jre\bin\instrument.dll
0x00007ff939320000 - 0x00007ff939345000 	D:\ai\install_program\eclipse\plugins\org.eclipse.justj.openjdk.hotspot.jre.full.win32.x86_64_17.0.1.v20211116-1657\jre\bin\java.dll
0x00007ff953120000 - 0x00007ff953138000 	D:\ai\install_program\eclipse\plugins\org.eclipse.justj.openjdk.hotspot.jre.full.win32.x86_64_17.0.1.v20211116-1657\jre\bin\zip.dll
0x00007ff96a340000 - 0x00007ff96aa84000 	C:\Windows\System32\SHELL32.dll
0x00007ff966640000 - 0x00007ff966dd3000 	C:\Windows\SYSTEM32\windows.storage.dll
0x00007ff969900000 - 0x00007ff969c54000 	C:\Windows\System32\combase.dll
0x00007ff967fc0000 - 0x00007ff967fee000 	C:\Windows\SYSTEM32\Wldp.dll
0x00007ff969700000 - 0x00007ff9697ad000 	C:\Windows\System32\SHCORE.dll
0x00007ff969590000 - 0x00007ff9695e5000 	C:\Windows\System32\shlwapi.dll
0x00007ff9684b0000 - 0x00007ff9684cf000 	C:\Windows\SYSTEM32\profapi.dll
0x00007ff9639b0000 - 0x00007ff9639bc000 	D:\ai\install_program\eclipse\plugins\org.eclipse.justj.openjdk.hotspot.jre.full.win32.x86_64_17.0.1.v20211116-1657\jre\bin\dt_socket.dll
0x00007ff9679c0000 - 0x00007ff9679fc000 	C:\Windows\SYSTEM32\IPHLPAPI.DLL
0x00007ff967d20000 - 0x00007ff967d8a000 	C:\Windows\system32\mswsock.dll
0x00007ff967a10000 - 0x00007ff967ada000 	C:\Windows\SYSTEM32\DNSAPI.dll
0x00007ff96a2d0000 - 0x00007ff96a2d8000 	C:\Windows\System32\NSI.dll
0x00007ff962320000 - 0x00007ff96232a000 	C:\Windows\System32\rasadhlp.dll
0x00007ff95af90000 - 0x00007ff95b012000 	C:\Windows\System32\fwpuclnt.dll
0x00007ff968610000 - 0x00007ff968637000 	C:\Windows\System32\bcrypt.dll
0x00007ff902100000 - 0x00007ff902119000 	D:\ai\install_program\eclipse\plugins\org.eclipse.justj.openjdk.hotspot.jre.full.win32.x86_64_17.0.1.v20211116-1657\jre\bin\net.dll
0x00007ff962910000 - 0x00007ff962a1a000 	C:\Windows\SYSTEM32\WINHTTP.dll
0x00007ff9020e0000 - 0x00007ff9020f5000 	D:\ai\install_program\eclipse\plugins\org.eclipse.justj.openjdk.hotspot.jre.full.win32.x86_64_17.0.1.v20211116-1657\jre\bin\nio.dll
0x00007ff9415e0000 - 0x00007ff9415f0000 	D:\ai\install_program\eclipse\plugins\org.eclipse.justj.openjdk.hotspot.jre.full.win32.x86_64_17.0.1.v20211116-1657\jre\bin\verify.dll

dbghelp: loaded successfully - version: 4.0.5 - missing functions: none
symbol engine: initialized successfully - sym options: 0x614 - pdb path: .;D:\ai\install_program\eclipse\plugins\org.eclipse.justj.openjdk.hotspot.jre.full.win32.x86_64_17.0.1.v20211116-1657\jre\bin;C:\Windows\SYSTEM32;C:\Windows\WinSxS\amd64_microsoft.windows.common-controls_6595b64144ccf1df_6.0.19041.1110_none_60b5254171f9507e;D:\ai\install_program\eclipse\plugins\org.eclipse.justj.openjdk.hotspot.jre.full.win32.x86_64_17.0.1.v20211116-1657\jre\bin\server

VM Arguments:
jvm_args: -XX:+ShowCodeDetailsInExceptionMessages -agentlib:jdwp=transport=dt_socket,suspend=y,address=localhost:51492 -javaagent:D:\ai\install_program\eclipse\configuration\org.eclipse.osgi\418\0\.cp\lib\javaagent-shaded.jar -Dfile.encoding=MS949 
java_command: javaApp2.ch12.sec07.ComparableEx
java_class_path (initial): D:\ai\study\java_study\java_study\javaApp2\bin
Launcher Type: SUN_STANDARD

[Global flags]
     intx CICompilerCount                          = 3                                         {product} {ergonomic}
     uint ConcGCThreads                            = 1                                         {product} {ergonomic}
     uint G1ConcRefinementThreads                  = 4                                         {product} {ergonomic}
   size_t G1HeapRegionSize                         = 1048576                                   {product} {ergonomic}
    uintx GCDrainStackTargetSize                   = 64                                        {product} {ergonomic}
   size_t InitialHeapSize                          = 134217728                                 {product} {ergonomic}
   size_t MarkStackSize                            = 4194304                                   {product} {ergonomic}
   size_t MaxHeapSize                              = 2136997888                                {product} {ergonomic}
   size_t MaxNewSize                               = 1281359872                                {product} {ergonomic}
   size_t MinHeapDeltaBytes                        = 1048576                                   {product} {ergonomic}
   size_t MinHeapSize                              = 8388608                                   {product} {ergonomic}
    uintx NonNMethodCodeHeapSize                   = 5832780                                {pd product} {ergonomic}
    uintx NonProfiledCodeHeapSize                  = 122912730                              {pd product} {ergonomic}
    uintx ProfiledCodeHeapSize                     = 122912730                              {pd product} {ergonomic}
    uintx ReservedCodeCacheSize                    = 251658240                              {pd product} {ergonomic}
     bool SegmentedCodeCache                       = true                                      {product} {ergonomic}
     bool ShowCodeDetailsInExceptionMessages       = true                                   {manageable} {command line}
   size_t SoftMaxHeapSize                          = 2136997888                             {manageable} {ergonomic}
     bool UseCompressedClassPointers               = true                           {product lp64_product} {ergonomic}
     bool UseCompressedOops                        = true                           {product lp64_product} {ergonomic}
     bool UseG1GC                                  = true                                      {product} {ergonomic}
     bool UseLargePagesIndividualAllocation        = false                                  {pd product} {ergonomic}

Logging:
Log output configuration:
 #0: stdout all=warning uptime,level,tags
 #1: stderr all=off uptime,level,tags

Environment Variables:
PATH=D:\ai\install_program\eclipse\plugins\org.eclipse.justj.openjdk.hotspot.jre.full.win32.x86_64_17.0.1.v20211116-1657\jre\bin;D:/ai/install_program/eclipse//plugins/org.eclipse.justj.openjdk.hotspot.jre.full.win32.x86_64_17.0.1.v20211116-1657/jre/bin/server;D:/ai/install_program/eclipse//plugins/org.eclipse.justj.openjdk.hotspot.jre.full.win32.x86_64_17.0.1.v20211116-1657/jre/bin;C:\Program Files\Common Files\Oracle\Java\javapath;C:\oraclexe\app\oracle\product\11.2.0\server\bin;C:\Program Files (x86)\Common Files\Intel\Shared Libraries\redist\intel64\compiler;C:\Windows\system32;C:\Windows;C:\Windows\System32\Wbem;C:\Windows\System32\WindowsPowerShell\v1.0\;C:\Windows\System32\OpenSSH\;C:\Program Files\Common Files\Autodesk Shared\;C:\Program Files (x86)\Autodesk\Backburner\;C:\Program Files\Git\cmd;C:\Program Files\Java\jdk-11\bin;C:\Users\tj\AppData\Local\Programs\Python\Python312\Scripts\;C:\Users\tj\AppData\Local\Programs\Python\Python312\;C:\Users\tj\AppData\Local\Microsoft\WindowsApps;C:\Program Files\Bandizip\;d:\Users\tj\AppData\Local\Programs\Microsoft VS Code\bin;C:\Users\tj\AppData\Local\Programs\Microsoft VS Code\bin;D:\ai\install_program\eclipse;
USERNAME=tj
OS=Windows_NT
PROCESSOR_IDENTIFIER=Intel64 Family 6 Model 94 Stepping 3, GenuineIntel



---------------  S Y S T E M  ---------------

OS:
 Windows 10 , 64 bit Build 19041 (10.0.19041.3031)
OS uptime: 0 days 3:45 hours

CPU: total 4 (initial active 4) (4 cores per cpu, 1 threads per core) family 6 model 94 stepping 3 microcode 0xcc, cx8, cmov, fxsr, mmx, 3dnowpref, sse, sse2, sse3, ssse3, sse4.1, sse4.2, popcnt, lzcnt, tsc, tscinvbit, avx, avx2, aes, erms, clmul, bmi1, bmi2, rtm, adx, fma, vzeroupper, clflush, clflushopt

Memory: 4k page, system-wide physical 8144M (2291M free)
TotalPageFile size 16336M (AvailPageFile size 7316M)
current process WorkingSet (physical memory assigned to process): 45M, peak: 50M
current process commit charge ("private bytes"): 202M, peak: 206M

vm_info: OpenJDK 64-Bit Server VM (17.0.1+12) for windows-amd64 JRE (17.0.1+12), built on Oct 20 2021 07:42:55 by "" with MS VC++ 16.7 (VS2019)

END.
