#
# A fatal error has been detected by the Java Runtime Environment:
#
#  EXCEPTION_ACCESS_VIOLATION (0xc0000005) at pc=0x00007ff8f511bc8a, pid=13020, tid=5664
#
# JRE version: OpenJDK Runtime Environment Temurin-17.0.1+12 (17.0.1+12) (build 17.0.1+12)
# Java VM: OpenJDK 64-Bit Server VM Temurin-17.0.1+12 (17.0.1+12, mixed mode, tiered, compressed oops, compressed class ptrs, g1 gc, windows-amd64)
# Problematic frame:
# V  [jvm.dll+0x79bc8a]
#
# No core dump will be written. Minidumps are not enabled by default on client versions of Windows
#
# If you would like to submit a bug report, please visit:
#   https://github.com/adoptium/adoptium-support/issues
#

---------------  S U M M A R Y ------------

Command Line: -XX:+ShowCodeDetailsInExceptionMessages -agentlib:jdwp=transport=dt_socket,suspend=y,address=localhost:51490 -javaagent:D:\ai\install_program\eclipse\configuration\org.eclipse.osgi\418\0\.cp\lib\javaagent-shaded.jar -Dfile.encoding=MS949 javaApp2.ch12.sec07.ComparableEx

Host: Intel(R) Core(TM) i5-6500 CPU @ 3.20GHz, 4 cores, 7G,  Windows 10 , 64 bit Build 19041 (10.0.19041.3031)
Time: Tue Dec 26 12:59:40 2023  Windows 10 , 64 bit Build 19041 (10.0.19041.3031) elapsed time: 83.097302 seconds (0d 0h 1m 23s)

---------------  T H R E A D  ---------------

Current thread (0x0000026ccda6b6f0):  JavaThread "JDWP Transport Listener: dt_socket" daemon [_thread_in_vm, id=5664, stack(0x000000f0a4100000,0x000000f0a4200000)]

Stack: [0x000000f0a4100000,0x000000f0a4200000],  sp=0x000000f0a41ff560,  free space=1021k
Native frames: (J=compiled Java code, j=interpreted, Vv=VM code, C=native code)
V  [jvm.dll+0x79bc8a]
V  [jvm.dll+0x507e6c]
V  [jvm.dll+0x4cf4d4]
C  [jdwp.dll+0x22dff]


siginfo: EXCEPTION_ACCESS_VIOLATION (0xc0000005), reading address 0x00000000004e000b


Register to memory mapping:

RIP=0x00007ff8f511bc8a jvm.dll
RAX=0x000000000000004f is an unknown value
RBX=0x0000026ccd81050d points into unknown readable memory: 3b 00 63
RCX=0x00000000004e0007 is an unknown value
RDX=0x0000026cce12fd20 points into unknown readable memory: 0x7070416176616a4c | 4c 6a 61 76 61 41 70 70
RSP=0x000000f0a41ff560 is pointing into the stack for thread: 0x0000026ccda6b6f0
RBP=0x0000026ccda55bd0 points into unknown readable memory: 0x0000000000000002 | 02 00 00 00 00 00 00 00
RSI=0x0 is NULL
RDI=0xffffffffffffffff is an unknown value
R8 =0x0000000000000001 is an unknown value
R9 =0x0000000000000013 is an unknown value
R10=0x0 is NULL
R11=0x000000f0a41ff580 is pointing into the stack for thread: 0x0000026ccda6b6f0
R12=0x000000f0a41ff6b8 is pointing into the stack for thread: 0x0000026ccda6b6f0
R13=0x0 is NULL
R14=0x00000001001054c0 is a pointer to class: 
javaApp2.ch12.sec07.Person {0x00000001001054c8}
 - instance size:     3
 - klass size:        70
 - access:            synchronized 
 - state:             fully_initialized
 - name:              'javaApp2/ch12/sec07/Person'
 - super:             'java/lang/Object'
 - sub:               
 - arrays:            NULL
 - methods:           Array<T>(0x0000026cce83cb08)
 - method ordering:   Array<T>(0x0000026cce83ce28)
 - default_methods:   Array<T>(0x0000000000000000)
 - local interfaces:  Array<T>(0x0000026cce83b0b0)
 - trans. interfaces: Array<T>(0x0000026cce83b0b0)
 - constants:         constant pool [86] {0x0000026cce83d410} for 'javaApp2/ch12/sec07/Person' cache=0x0000026cce83d748
 - class loader data:  loader data: 0x0000026ccd8cc530 for instance a 'jdk/internal/loader/ClassLoaders$AppClassLoader'{0x00000000889df068}
 - source file:       'ComparableEx.java'
 - source debug extension:       SMAP
ComparableEx.java
Java
*S jdt
*F
1 ComparableEx.java
2 file:/D:/ai/study/java_study/java_study/javaApp2/bin/
*L
*E

 - class annotations:       Array<T>(0x0000000000000000)
 - class type annotations:  Array<T>(0x0000000000000000)
 - field annotations:       Array<T>(0x0000000000000000)
 - field type annotations:  Array<T>(0x0000000000000000)
 - previous version:  constant pool [64] {0x0000026cce83ae38} for 'javaApp2/ch12/sec07/Person' (extra) cache=0x0000026cce83b3e0
 - generic signature: '
[error occurred during error reporting (printing register info), id 0xc0000005, EXCEPTION_ACCESS_VIOLATION (0xc0000005) at pc=0x00007ff8f511c896]

Registers:
RAX=0x000000000000004f, RBX=0x0000026ccd81050d, RCX=0x00000000004e0007, RDX=0x0000026cce12fd20
RSP=0x000000f0a41ff560, RBP=0x0000026ccda55bd0, RSI=0x0000000000000000, RDI=0xffffffffffffffff
R8 =0x0000000000000001, R9 =0x0000000000000013, R10=0x0000000000000000, R11=0x000000f0a41ff580
R12=0x000000f0a41ff6b8, R13=0x0000000000000000, R14=0x00000001001054c0, R15=0x000000f0a41ff708
RIP=0x00007ff8f511bc8a, EFLAGS=0x0000000000010206

Top of Stack: (sp=0x000000f0a41ff560)
0x000000f0a41ff560:   000000000000001a 00000001001054c0
0x000000f0a41ff570:   0000026ccda6b6f0 0000000000000000
0x000000f0a41ff580:   ffffffffffffffff 00007ff8f4e87e6c
0x000000f0a41ff590:   0000026ccd81050d 0000026ccd8104f0
0x000000f0a41ff5a0:   0000026ccda55bd0 0000026cce12fde0
0x000000f0a41ff5b0:   0000026ccd8104c0 00000000000003d8
0x000000f0a41ff5c0:   0000026ccd8104d0 0000026ccd8108a8
0x000000f0a41ff5d0:   0000000000000002 000000f0a41ff6b8
0x000000f0a41ff5e0:   0000000000000000 0000000000000000
0x000000f0a41ff5f0:   00000000884124e0 00007ff8f4e4f4d4
0x000000f0a41ff600:   0000026ccda6b6f0 000000f0a41ff708
0x000000f0a41ff610:   0000026cb347d4e0 000000f0a41ff708
0x000000f0a41ff620:   0000026ccda6b6f0 0000000000000000
0x000000f0a41ff630:   0000026c00000000 0000000000000000
0x000000f0a41ff640:   000000000000000d 00007ff960482dff
0x000000f0a41ff650:   000000f0a41ff700 00007ff960491aa0 

Instructions: (pc=0x00007ff8f511bc8a)
0x00007ff8f511bb8a:   48 83 c4 20 5f e9 3c a2 90 ff cc cc cc cc cc cc
0x00007ff8f511bb9a:   cc cc cc cc cc cc 48 89 5c 24 08 57 48 83 ec 20
0x00007ff8f511bbaa:   83 fa 02 8d 42 06 b9 08 00 00 00 49 8b d8 0f 4e
0x00007ff8f511bbba:   c1 48 63 c8 48 83 c1 07 83 e1 f8 48 63 f9 49 8b
0x00007ff8f511bbca:   48 18 48 8b c7 48 f7 d0 48 3b c1 73 16 4c 8d 05
0x00007ff8f511bbda:   5a 55 17 00 48 8b d7 48 8b cb e8 47 05 91 ff 48
0x00007ff8f511bbea:   8b 4b 18 48 8d 04 39 48 3b 43 20 76 18 45 33 c0
0x00007ff8f511bbfa:   48 8b d7 48 8b cb 48 8b 5c 24 30 48 83 c4 20 5f
0x00007ff8f511bc0a:   e9 a1 01 91 ff 48 89 43 18 48 8b c1 48 8b 5c 24
0x00007ff8f511bc1a:   30 48 83 c4 20 5f c3 cc cc cc cc cc cc cc cc cc
0x00007ff8f511bc2a:   cc cc cc cc cc cc 4c 8b d2 4c 8b d9 45 85 c0 7e
0x00007ff8f511bc3a:   3c 44 0f b7 49 04 41 8d 40 ff 41 3b c1 44 0f 4c
0x00007ff8f511bc4a:   c8 4d 63 c1 45 85 c9 7e 1f 48 8b c2 4c 2b da 49
0x00007ff8f511bc5a:   8b d0 0f 1f 40 00 41 0f b6 4c 03 06 88 08 48 8d
0x00007ff8f511bc6a:   40 01 48 83 ea 01 75 ee 43 c6 04 10 00 49 8b c2
0x00007ff8f511bc7a:   c3 cc cc cc cc cc 48 89 5c 24 08 57 48 83 ec 20
0x00007ff8f511bc8a:   0f b7 59 04 48 8b f9 33 d2 48 8d 4b 01 e8 24 e8
0x00007ff8f511bc9a:   f2 ff 0f b7 57 04 4c 8b c0 3b da 0f 42 d3 44 8b
0x00007ff8f511bcaa:   ca 85 d2 74 39 48 2b f8 0f 1f 40 00 66 66 0f 1f
0x00007ff8f511bcba:   84 00 00 00 00 00 0f b6 4c 07 06 88 08 48 ff c0
0x00007ff8f511bcca:   48 8b c8 49 2b c8 49 3b c9 7c eb 42 c6 04 02 00
0x00007ff8f511bcda:   49 8b c0 48 8b 5c 24 30 48 83 c4 20 5f c3 48 8b
0x00007ff8f511bcea:   5c 24 30 c6 04 02 00 48 83 c4 20 5f c3 cc cc cc
0x00007ff8f511bcfa:   cc cc cc cc cc cc 4c 8b d1 45 85 c0 7e 6c 44 0f
0x00007ff8f511bd0a:   b7 49 04 41 8d 40 ff 41 3b c1 44 0f 4c c8 4d 63
0x00007ff8f511bd1a:   d9 45 85 c9 7e 22 48 8b ca 4c 2b d2 4d 8b c3 0f
0x00007ff8f511bd2a:   1f 80 00 00 00 00 41 0f b6 44 0a 06 88 01 48 8d
0x00007ff8f511bd3a:   49 01 49 83 e8 01 75 ee 41 c6 04 13 00 48 c7 c0
0x00007ff8f511bd4a:   ff ff ff ff 66 90 48 ff c0 80 3c 02 00 75 f7 48
0x00007ff8f511bd5a:   63 c8 85 c0 48 8b c2 7e 14 80 38 2f 75 03 c6 00
0x00007ff8f511bd6a:   2e 48 ff c0 48 83 e9 01 75 ef 48 8b c2 c3 cc cc
0x00007ff8f511bd7a:   cc cc cc cc cc cc 48 83 ec 28 e8 f7 fe ff ff 4c 


Stack slot to memory mapping:
stack at sp + 0 slots: 0x000000000000001a is an unknown value
stack at sp + 1 slots: 0x00000001001054c0 is a pointer to class: 
javaApp2.ch12.sec07.Person {0x00000001001054c8}
 - instance size:     3
 - klass size:        70
 - access:            synchronized 
 - state:             fully_initialized
 - name:              'javaApp2/ch12/sec07/Person'
 - super:             'java/lang/Object'
 - sub:               
 - arrays:            NULL
 - methods:           Array<T>(0x0000026cce83cb08)
 - method ordering:   Array<T>(0x0000026cce83ce28)
 - default_methods:   Array<T>(0x0000000000000000)
 - local interfaces:  Array<T>(0x0000026cce83b0b0)
 - trans. interfaces: Array<T>(0x0000026cce83b0b0)
 - constants:         constant pool [86] {0x0000026cce83d410} for 'javaApp2/ch12/sec07/Person' cache=0x0000026cce83d748
 - class loader data:  loader data: 0x0000026ccd8cc530 for instance a 'jdk/internal/loader/ClassLoaders$AppClassLoader'{0x00000000889df068}
 - source file:       'ComparableEx.java'
 - source debug extension:       SMAP
ComparableEx.java
Java
*S jdt
*F
1 ComparableEx.java
2 file:/D:/ai/study/java_study/java_study/javaApp2/bin/
*L
*E

 - class annotations:       Array<T>(0x0000000000000000)
 - class type annotations:  Array<T>(0x0000000000000000)
 - field annotations:       Array<T>(0x0000000000000000)
 - field type annotations:  Array<T>(0x0000000000000000)
 - previous version:  constant pool [64] {0x0000026cce83ae38} for 'javaApp2/ch12/sec07/Person' (extra) cache=0x0000026cce83b3e0
 - generic signature: '
[error occurred during error reporting (inspecting top of stack), id 0xc0000005, EXCEPTION_ACCESS_VIOLATION (0xc0000005) at pc=0x00007ff8f511c896]


---------------  P R O C E S S  ---------------

Threads class SMR info:
_java_thread_list=0x0000026ccda74e90, length=15, elements={
0x0000026cb3490890, 0x0000026cccbbccf0, 0x0000026cccbbde30, 0x0000026cccc37000,
0x0000026cccc379d0, 0x0000026cccc11410, 0x0000026ccd830d40, 0x0000026ccd8319e0,
0x0000026ccd832390, 0x0000026ccd83d470, 0x0000026ccd96ecd0, 0x0000026ccda6b6f0,
0x0000026ccda6f720, 0x0000026ccda6fc10, 0x0000026cce1300b0
}

Java Threads: ( => current thread )
  0x0000026cb3490890 JavaThread "main" [_thread_blocked, id=3968, stack(0x000000f0a3000000,0x000000f0a3100000)]
  0x0000026cccbbccf0 JavaThread "Reference Handler" daemon [_thread_blocked, id=12248, stack(0x000000f0a3700000,0x000000f0a3800000)]
  0x0000026cccbbde30 JavaThread "Finalizer" daemon [_thread_blocked, id=3408, stack(0x000000f0a3800000,0x000000f0a3900000)]
  0x0000026cccc37000 JavaThread "Signal Dispatcher" daemon [_thread_blocked, id=5704, stack(0x000000f0a3900000,0x000000f0a3a00000)]
  0x0000026cccc379d0 JavaThread "Attach Listener" daemon [_thread_blocked, id=13444, stack(0x000000f0a3a00000,0x000000f0a3b00000)]
  0x0000026cccc11410 JavaThread "Service Thread" daemon [_thread_blocked, id=8592, stack(0x000000f0a3b00000,0x000000f0a3c00000)]
  0x0000026ccd830d40 JavaThread "Monitor Deflation Thread" daemon [_thread_blocked, id=10736, stack(0x000000f0a3c00000,0x000000f0a3d00000)]
  0x0000026ccd8319e0 JavaThread "C2 CompilerThread0" daemon [_thread_blocked, id=10952, stack(0x000000f0a3d00000,0x000000f0a3e00000)]
  0x0000026ccd832390 JavaThread "C1 CompilerThread0" daemon [_thread_blocked, id=8604, stack(0x000000f0a3e00000,0x000000f0a3f00000)]
  0x0000026ccd83d470 JavaThread "Sweeper thread" daemon [_thread_blocked, id=2124, stack(0x000000f0a3f00000,0x000000f0a4000000)]
  0x0000026ccd96ecd0 JavaThread "Common-Cleaner" daemon [_thread_blocked, id=1936, stack(0x000000f0a4000000,0x000000f0a4100000)]
=>0x0000026ccda6b6f0 JavaThread "JDWP Transport Listener: dt_socket" daemon [_thread_in_vm, id=5664, stack(0x000000f0a4100000,0x000000f0a4200000)]
  0x0000026ccda6f720 JavaThread "JDWP Event Helper Thread" daemon [_thread_blocked, id=1364, stack(0x000000f0a4200000,0x000000f0a4300000)]
  0x0000026ccda6fc10 JavaThread "JDWP Command Reader" daemon [_thread_in_native, id=10384, stack(0x000000f0a4300000,0x000000f0a4400000)]
  0x0000026cce1300b0 JavaThread "Notification Thread" daemon [_thread_blocked, id=12612, stack(0x000000f0a4400000,0x000000f0a4500000)]

Other Threads:
  0x0000026cccbe1150 VMThread "VM Thread" [stack: 0x000000f0a3600000,0x000000f0a3700000] [id=9600]
  0x0000026cb34e7a00 WatcherThread [stack: 0x000000f0a4500000,0x000000f0a4600000] [id=8776]
  0x0000026cb34cde10 GCTaskThread "GC Thread#0" [stack: 0x000000f0a3100000,0x000000f0a3200000] [id=12112]
  0x0000026cb34e12e0 ConcurrentGCThread "G1 Main Marker" [stack: 0x000000f0a3200000,0x000000f0a3300000] [id=6388]
  0x0000026cb34e1c00 ConcurrentGCThread "G1 Conc#0" [stack: 0x000000f0a3300000,0x000000f0a3400000] [id=11072]
  0x0000026cb35589d0 ConcurrentGCThread "G1 Refine#0" [stack: 0x000000f0a3400000,0x000000f0a3500000] [id=11368]
  0x0000026cb3559300 ConcurrentGCThread "G1 Service" [stack: 0x000000f0a3500000,0x000000f0a3600000] [id=504]

Threads with active compile tasks:

VM state: not at safepoint (normal execution)

VM Mutex/Monitor currently owned by a thread: None

Heap address: 0x0000000080a00000, size: 2038 MB, Compressed Oops mode: 32-bit

CDS archive(s) not mapped
Compressed class space mapped at: 0x0000000100000000-0x0000000140000000, reserved size: 1073741824
Narrow klass base: 0x0000000000000000, Narrow klass shift: 3, Narrow klass range: 0x140000000

GC Precious Log:
 CPUs: 4 total, 4 available
 Memory: 8144M
 Large Page Support: Disabled
 NUMA Support: Disabled
 Compressed Oops: Enabled (32-bit)
 Heap Region Size: 1M
 Heap Min Capacity: 8M
 Heap Initial Capacity: 128M
 Heap Max Capacity: 2038M
 Pre-touch: Disabled
 Parallel Workers: 4
 Concurrent Workers: 1
 Concurrent Refinement Workers: 4
 Periodic GC: Disabled

Heap:
 garbage-first heap   total 131072K, used 5120K [0x0000000080a00000, 0x0000000100000000)
  region size 1024K, 6 young (6144K), 0 survivors (0K)
 Metaspace       used 9336K, committed 9472K, reserved 1064960K
  class space    used 810K, committed 896K, reserved 1048576K

Heap Regions: E=young(eden), S=young(survivor), O=old, HS=humongous(starts), HC=humongous(continues), CS=collection set, F=free, OA=open archive, CA=closed archive, TAMS=top-at-mark-start (previous, next)
|   0|0x0000000080a00000, 0x0000000080a00000, 0x0000000080b00000|  0%| F|  |TAMS 0x0000000080a00000, 0x0000000080a00000| Untracked 
|   1|0x0000000080b00000, 0x0000000080b00000, 0x0000000080c00000|  0%| F|  |TAMS 0x0000000080b00000, 0x0000000080b00000| Untracked 
|   2|0x0000000080c00000, 0x0000000080c00000, 0x0000000080d00000|  0%| F|  |TAMS 0x0000000080c00000, 0x0000000080c00000| Untracked 
|   3|0x0000000080d00000, 0x0000000080d00000, 0x0000000080e00000|  0%| F|  |TAMS 0x0000000080d00000, 0x0000000080d00000| Untracked 
|   4|0x0000000080e00000, 0x0000000080e00000, 0x0000000080f00000|  0%| F|  |TAMS 0x0000000080e00000, 0x0000000080e00000| Untracked 
|   5|0x0000000080f00000, 0x0000000080f00000, 0x0000000081000000|  0%| F|  |TAMS 0x0000000080f00000, 0x0000000080f00000| Untracked 
|   6|0x0000000081000000, 0x0000000081000000, 0x0000000081100000|  0%| F|  |TAMS 0x0000000081000000, 0x0000000081000000| Untracked 
|   7|0x0000000081100000, 0x0000000081100000, 0x0000000081200000|  0%| F|  |TAMS 0x0000000081100000, 0x0000000081100000| Untracked 
|   8|0x0000000081200000, 0x0000000081200000, 0x0000000081300000|  0%| F|  |TAMS 0x0000000081200000, 0x0000000081200000| Untracked 
|   9|0x0000000081300000, 0x0000000081300000, 0x0000000081400000|  0%| F|  |TAMS 0x0000000081300000, 0x0000000081300000| Untracked 
|  10|0x0000000081400000, 0x0000000081400000, 0x0000000081500000|  0%| F|  |TAMS 0x0000000081400000, 0x0000000081400000| Untracked 
|  11|0x0000000081500000, 0x0000000081500000, 0x0000000081600000|  0%| F|  |TAMS 0x0000000081500000, 0x0000000081500000| Untracked 
|  12|0x0000000081600000, 0x0000000081600000, 0x0000000081700000|  0%| F|  |TAMS 0x0000000081600000, 0x0000000081600000| Untracked 
|  13|0x0000000081700000, 0x0000000081700000, 0x0000000081800000|  0%| F|  |TAMS 0x0000000081700000, 0x0000000081700000| Untracked 
|  14|0x0000000081800000, 0x0000000081800000, 0x0000000081900000|  0%| F|  |TAMS 0x0000000081800000, 0x0000000081800000| Untracked 
|  15|0x0000000081900000, 0x0000000081900000, 0x0000000081a00000|  0%| F|  |TAMS 0x0000000081900000, 0x0000000081900000| Untracked 
|  16|0x0000000081a00000, 0x0000000081a00000, 0x0000000081b00000|  0%| F|  |TAMS 0x0000000081a00000, 0x0000000081a00000| Untracked 
|  17|0x0000000081b00000, 0x0000000081b00000, 0x0000000081c00000|  0%| F|  |TAMS 0x0000000081b00000, 0x0000000081b00000| Untracked 
|  18|0x0000000081c00000, 0x0000000081c00000, 0x0000000081d00000|  0%| F|  |TAMS 0x0000000081c00000, 0x0000000081c00000| Untracked 
|  19|0x0000000081d00000, 0x0000000081d00000, 0x0000000081e00000|  0%| F|  |TAMS 0x0000000081d00000, 0x0000000081d00000| Untracked 
|  20|0x0000000081e00000, 0x0000000081e00000, 0x0000000081f00000|  0%| F|  |TAMS 0x0000000081e00000, 0x0000000081e00000| Untracked 
|  21|0x0000000081f00000, 0x0000000081f00000, 0x0000000082000000|  0%| F|  |TAMS 0x0000000081f00000, 0x0000000081f00000| Untracked 
|  22|0x0000000082000000, 0x0000000082000000, 0x0000000082100000|  0%| F|  |TAMS 0x0000000082000000, 0x0000000082000000| Untracked 
|  23|0x0000000082100000, 0x0000000082100000, 0x0000000082200000|  0%| F|  |TAMS 0x0000000082100000, 0x0000000082100000| Untracked 
|  24|0x0000000082200000, 0x0000000082200000, 0x0000000082300000|  0%| F|  |TAMS 0x0000000082200000, 0x0000000082200000| Untracked 
|  25|0x0000000082300000, 0x0000000082300000, 0x0000000082400000|  0%| F|  |TAMS 0x0000000082300000, 0x0000000082300000| Untracked 
|  26|0x0000000082400000, 0x0000000082400000, 0x0000000082500000|  0%| F|  |TAMS 0x0000000082400000, 0x0000000082400000| Untracked 
|  27|0x0000000082500000, 0x0000000082500000, 0x0000000082600000|  0%| F|  |TAMS 0x0000000082500000, 0x0000000082500000| Untracked 
|  28|0x0000000082600000, 0x0000000082600000, 0x0000000082700000|  0%| F|  |TAMS 0x0000000082600000, 0x0000000082600000| Untracked 
|  29|0x0000000082700000, 0x0000000082700000, 0x0000000082800000|  0%| F|  |TAMS 0x0000000082700000, 0x0000000082700000| Untracked 
|  30|0x0000000082800000, 0x0000000082800000, 0x0000000082900000|  0%| F|  |TAMS 0x0000000082800000, 0x0000000082800000| Untracked 
|  31|0x0000000082900000, 0x0000000082900000, 0x0000000082a00000|  0%| F|  |TAMS 0x0000000082900000, 0x0000000082900000| Untracked 
|  32|0x0000000082a00000, 0x0000000082a00000, 0x0000000082b00000|  0%| F|  |TAMS 0x0000000082a00000, 0x0000000082a00000| Untracked 
|  33|0x0000000082b00000, 0x0000000082b00000, 0x0000000082c00000|  0%| F|  |TAMS 0x0000000082b00000, 0x0000000082b00000| Untracked 
|  34|0x0000000082c00000, 0x0000000082c00000, 0x0000000082d00000|  0%| F|  |TAMS 0x0000000082c00000, 0x0000000082c00000| Untracked 
|  35|0x0000000082d00000, 0x0000000082d00000, 0x0000000082e00000|  0%| F|  |TAMS 0x0000000082d00000, 0x0000000082d00000| Untracked 
|  36|0x0000000082e00000, 0x0000000082e00000, 0x0000000082f00000|  0%| F|  |TAMS 0x0000000082e00000, 0x0000000082e00000| Untracked 
|  37|0x0000000082f00000, 0x0000000082f00000, 0x0000000083000000|  0%| F|  |TAMS 0x0000000082f00000, 0x0000000082f00000| Untracked 
|  38|0x0000000083000000, 0x0000000083000000, 0x0000000083100000|  0%| F|  |TAMS 0x0000000083000000, 0x0000000083000000| Untracked 
|  39|0x0000000083100000, 0x0000000083100000, 0x0000000083200000|  0%| F|  |TAMS 0x0000000083100000, 0x0000000083100000| Untracked 
|  40|0x0000000083200000, 0x0000000083200000, 0x0000000083300000|  0%| F|  |TAMS 0x0000000083200000, 0x0000000083200000| Untracked 
|  41|0x0000000083300000, 0x0000000083300000, 0x0000000083400000|  0%| F|  |TAMS 0x0000000083300000, 0x0000000083300000| Untracked 
|  42|0x0000000083400000, 0x0000000083400000, 0x0000000083500000|  0%| F|  |TAMS 0x0000000083400000, 0x0000000083400000| Untracked 
|  43|0x0000000083500000, 0x0000000083500000, 0x0000000083600000|  0%| F|  |TAMS 0x0000000083500000, 0x0000000083500000| Untracked 
|  44|0x0000000083600000, 0x0000000083600000, 0x0000000083700000|  0%| F|  |TAMS 0x0000000083600000, 0x0000000083600000| Untracked 
|  45|0x0000000083700000, 0x0000000083700000, 0x0000000083800000|  0%| F|  |TAMS 0x0000000083700000, 0x0000000083700000| Untracked 
|  46|0x0000000083800000, 0x0000000083800000, 0x0000000083900000|  0%| F|  |TAMS 0x0000000083800000, 0x0000000083800000| Untracked 
|  47|0x0000000083900000, 0x0000000083900000, 0x0000000083a00000|  0%| F|  |TAMS 0x0000000083900000, 0x0000000083900000| Untracked 
|  48|0x0000000083a00000, 0x0000000083a00000, 0x0000000083b00000|  0%| F|  |TAMS 0x0000000083a00000, 0x0000000083a00000| Untracked 
|  49|0x0000000083b00000, 0x0000000083b00000, 0x0000000083c00000|  0%| F|  |TAMS 0x0000000083b00000, 0x0000000083b00000| Untracked 
|  50|0x0000000083c00000, 0x0000000083c00000, 0x0000000083d00000|  0%| F|  |TAMS 0x0000000083c00000, 0x0000000083c00000| Untracked 
|  51|0x0000000083d00000, 0x0000000083d00000, 0x0000000083e00000|  0%| F|  |TAMS 0x0000000083d00000, 0x0000000083d00000| Untracked 
|  52|0x0000000083e00000, 0x0000000083e00000, 0x0000000083f00000|  0%| F|  |TAMS 0x0000000083e00000, 0x0000000083e00000| Untracked 
|  53|0x0000000083f00000, 0x0000000083f00000, 0x0000000084000000|  0%| F|  |TAMS 0x0000000083f00000, 0x0000000083f00000| Untracked 
|  54|0x0000000084000000, 0x0000000084000000, 0x0000000084100000|  0%| F|  |TAMS 0x0000000084000000, 0x0000000084000000| Untracked 
|  55|0x0000000084100000, 0x0000000084100000, 0x0000000084200000|  0%| F|  |TAMS 0x0000000084100000, 0x0000000084100000| Untracked 
|  56|0x0000000084200000, 0x0000000084200000, 0x0000000084300000|  0%| F|  |TAMS 0x0000000084200000, 0x0000000084200000| Untracked 
|  57|0x0000000084300000, 0x0000000084300000, 0x0000000084400000|  0%| F|  |TAMS 0x0000000084300000, 0x0000000084300000| Untracked 
|  58|0x0000000084400000, 0x0000000084400000, 0x0000000084500000|  0%| F|  |TAMS 0x0000000084400000, 0x0000000084400000| Untracked 
|  59|0x0000000084500000, 0x0000000084500000, 0x0000000084600000|  0%| F|  |TAMS 0x0000000084500000, 0x0000000084500000| Untracked 
|  60|0x0000000084600000, 0x0000000084600000, 0x0000000084700000|  0%| F|  |TAMS 0x0000000084600000, 0x0000000084600000| Untracked 
|  61|0x0000000084700000, 0x0000000084700000, 0x0000000084800000|  0%| F|  |TAMS 0x0000000084700000, 0x0000000084700000| Untracked 
|  62|0x0000000084800000, 0x0000000084800000, 0x0000000084900000|  0%| F|  |TAMS 0x0000000084800000, 0x0000000084800000| Untracked 
|  63|0x0000000084900000, 0x0000000084900000, 0x0000000084a00000|  0%| F|  |TAMS 0x0000000084900000, 0x0000000084900000| Untracked 
|  64|0x0000000084a00000, 0x0000000084a00000, 0x0000000084b00000|  0%| F|  |TAMS 0x0000000084a00000, 0x0000000084a00000| Untracked 
|  65|0x0000000084b00000, 0x0000000084b00000, 0x0000000084c00000|  0%| F|  |TAMS 0x0000000084b00000, 0x0000000084b00000| Untracked 
|  66|0x0000000084c00000, 0x0000000084c00000, 0x0000000084d00000|  0%| F|  |TAMS 0x0000000084c00000, 0x0000000084c00000| Untracked 
|  67|0x0000000084d00000, 0x0000000084d00000, 0x0000000084e00000|  0%| F|  |TAMS 0x0000000084d00000, 0x0000000084d00000| Untracked 
|  68|0x0000000084e00000, 0x0000000084e00000, 0x0000000084f00000|  0%| F|  |TAMS 0x0000000084e00000, 0x0000000084e00000| Untracked 
|  69|0x0000000084f00000, 0x0000000084f00000, 0x0000000085000000|  0%| F|  |TAMS 0x0000000084f00000, 0x0000000084f00000| Untracked 
|  70|0x0000000085000000, 0x0000000085000000, 0x0000000085100000|  0%| F|  |TAMS 0x0000000085000000, 0x0000000085000000| Untracked 
|  71|0x0000000085100000, 0x0000000085100000, 0x0000000085200000|  0%| F|  |TAMS 0x0000000085100000, 0x0000000085100000| Untracked 
|  72|0x0000000085200000, 0x0000000085200000, 0x0000000085300000|  0%| F|  |TAMS 0x0000000085200000, 0x0000000085200000| Untracked 
|  73|0x0000000085300000, 0x0000000085300000, 0x0000000085400000|  0%| F|  |TAMS 0x0000000085300000, 0x0000000085300000| Untracked 
|  74|0x0000000085400000, 0x0000000085400000, 0x0000000085500000|  0%| F|  |TAMS 0x0000000085400000, 0x0000000085400000| Untracked 
|  75|0x0000000085500000, 0x0000000085500000, 0x0000000085600000|  0%| F|  |TAMS 0x0000000085500000, 0x0000000085500000| Untracked 
|  76|0x0000000085600000, 0x0000000085600000, 0x0000000085700000|  0%| F|  |TAMS 0x0000000085600000, 0x0000000085600000| Untracked 
|  77|0x0000000085700000, 0x0000000085700000, 0x0000000085800000|  0%| F|  |TAMS 0x0000000085700000, 0x0000000085700000| Untracked 
|  78|0x0000000085800000, 0x0000000085800000, 0x0000000085900000|  0%| F|  |TAMS 0x0000000085800000, 0x0000000085800000| Untracked 
|  79|0x0000000085900000, 0x0000000085900000, 0x0000000085a00000|  0%| F|  |TAMS 0x0000000085900000, 0x0000000085900000| Untracked 
|  80|0x0000000085a00000, 0x0000000085a00000, 0x0000000085b00000|  0%| F|  |TAMS 0x0000000085a00000, 0x0000000085a00000| Untracked 
|  81|0x0000000085b00000, 0x0000000085b00000, 0x0000000085c00000|  0%| F|  |TAMS 0x0000000085b00000, 0x0000000085b00000| Untracked 
|  82|0x0000000085c00000, 0x0000000085c00000, 0x0000000085d00000|  0%| F|  |TAMS 0x0000000085c00000, 0x0000000085c00000| Untracked 
|  83|0x0000000085d00000, 0x0000000085d00000, 0x0000000085e00000|  0%| F|  |TAMS 0x0000000085d00000, 0x0000000085d00000| Untracked 
|  84|0x0000000085e00000, 0x0000000085e00000, 0x0000000085f00000|  0%| F|  |TAMS 0x0000000085e00000, 0x0000000085e00000| Untracked 
|  85|0x0000000085f00000, 0x0000000085f00000, 0x0000000086000000|  0%| F|  |TAMS 0x0000000085f00000, 0x0000000085f00000| Untracked 
|  86|0x0000000086000000, 0x0000000086000000, 0x0000000086100000|  0%| F|  |TAMS 0x0000000086000000, 0x0000000086000000| Untracked 
|  87|0x0000000086100000, 0x0000000086100000, 0x0000000086200000|  0%| F|  |TAMS 0x0000000086100000, 0x0000000086100000| Untracked 
|  88|0x0000000086200000, 0x0000000086200000, 0x0000000086300000|  0%| F|  |TAMS 0x0000000086200000, 0x0000000086200000| Untracked 
|  89|0x0000000086300000, 0x0000000086300000, 0x0000000086400000|  0%| F|  |TAMS 0x0000000086300000, 0x0000000086300000| Untracked 
|  90|0x0000000086400000, 0x0000000086400000, 0x0000000086500000|  0%| F|  |TAMS 0x0000000086400000, 0x0000000086400000| Untracked 
|  91|0x0000000086500000, 0x0000000086500000, 0x0000000086600000|  0%| F|  |TAMS 0x0000000086500000, 0x0000000086500000| Untracked 
|  92|0x0000000086600000, 0x0000000086600000, 0x0000000086700000|  0%| F|  |TAMS 0x0000000086600000, 0x0000000086600000| Untracked 
|  93|0x0000000086700000, 0x0000000086700000, 0x0000000086800000|  0%| F|  |TAMS 0x0000000086700000, 0x0000000086700000| Untracked 
|  94|0x0000000086800000, 0x0000000086800000, 0x0000000086900000|  0%| F|  |TAMS 0x0000000086800000, 0x0000000086800000| Untracked 
|  95|0x0000000086900000, 0x0000000086900000, 0x0000000086a00000|  0%| F|  |TAMS 0x0000000086900000, 0x0000000086900000| Untracked 
|  96|0x0000000086a00000, 0x0000000086a00000, 0x0000000086b00000|  0%| F|  |TAMS 0x0000000086a00000, 0x0000000086a00000| Untracked 
|  97|0x0000000086b00000, 0x0000000086b00000, 0x0000000086c00000|  0%| F|  |TAMS 0x0000000086b00000, 0x0000000086b00000| Untracked 
|  98|0x0000000086c00000, 0x0000000086c00000, 0x0000000086d00000|  0%| F|  |TAMS 0x0000000086c00000, 0x0000000086c00000| Untracked 
|  99|0x0000000086d00000, 0x0000000086d00000, 0x0000000086e00000|  0%| F|  |TAMS 0x0000000086d00000, 0x0000000086d00000| Untracked 
| 100|0x0000000086e00000, 0x0000000086e00000, 0x0000000086f00000|  0%| F|  |TAMS 0x0000000086e00000, 0x0000000086e00000| Untracked 
| 101|0x0000000086f00000, 0x0000000086f00000, 0x0000000087000000|  0%| F|  |TAMS 0x0000000086f00000, 0x0000000086f00000| Untracked 
| 102|0x0000000087000000, 0x0000000087000000, 0x0000000087100000|  0%| F|  |TAMS 0x0000000087000000, 0x0000000087000000| Untracked 
| 103|0x0000000087100000, 0x0000000087100000, 0x0000000087200000|  0%| F|  |TAMS 0x0000000087100000, 0x0000000087100000| Untracked 
| 104|0x0000000087200000, 0x0000000087200000, 0x0000000087300000|  0%| F|  |TAMS 0x0000000087200000, 0x0000000087200000| Untracked 
| 105|0x0000000087300000, 0x0000000087300000, 0x0000000087400000|  0%| F|  |TAMS 0x0000000087300000, 0x0000000087300000| Untracked 
| 106|0x0000000087400000, 0x0000000087400000, 0x0000000087500000|  0%| F|  |TAMS 0x0000000087400000, 0x0000000087400000| Untracked 
| 107|0x0000000087500000, 0x0000000087500000, 0x0000000087600000|  0%| F|  |TAMS 0x0000000087500000, 0x0000000087500000| Untracked 
| 108|0x0000000087600000, 0x0000000087600000, 0x0000000087700000|  0%| F|  |TAMS 0x0000000087600000, 0x0000000087600000| Untracked 
| 109|0x0000000087700000, 0x0000000087700000, 0x0000000087800000|  0%| F|  |TAMS 0x0000000087700000, 0x0000000087700000| Untracked 
| 110|0x0000000087800000, 0x0000000087800000, 0x0000000087900000|  0%| F|  |TAMS 0x0000000087800000, 0x0000000087800000| Untracked 
| 111|0x0000000087900000, 0x0000000087900000, 0x0000000087a00000|  0%| F|  |TAMS 0x0000000087900000, 0x0000000087900000| Untracked 
| 112|0x0000000087a00000, 0x0000000087a00000, 0x0000000087b00000|  0%| F|  |TAMS 0x0000000087a00000, 0x0000000087a00000| Untracked 
| 113|0x0000000087b00000, 0x0000000087b00000, 0x0000000087c00000|  0%| F|  |TAMS 0x0000000087b00000, 0x0000000087b00000| Untracked 
| 114|0x0000000087c00000, 0x0000000087c00000, 0x0000000087d00000|  0%| F|  |TAMS 0x0000000087c00000, 0x0000000087c00000| Untracked 
| 115|0x0000000087d00000, 0x0000000087d00000, 0x0000000087e00000|  0%| F|  |TAMS 0x0000000087d00000, 0x0000000087d00000| Untracked 
| 116|0x0000000087e00000, 0x0000000087e00000, 0x0000000087f00000|  0%| F|  |TAMS 0x0000000087e00000, 0x0000000087e00000| Untracked 
| 117|0x0000000087f00000, 0x0000000087f00000, 0x0000000088000000|  0%| F|  |TAMS 0x0000000087f00000, 0x0000000087f00000| Untracked 
| 118|0x0000000088000000, 0x0000000088000000, 0x0000000088100000|  0%| F|  |TAMS 0x0000000088000000, 0x0000000088000000| Untracked 
| 119|0x0000000088100000, 0x0000000088100000, 0x0000000088200000|  0%| F|  |TAMS 0x0000000088100000, 0x0000000088100000| Untracked 
| 120|0x0000000088200000, 0x0000000088200000, 0x0000000088300000|  0%| F|  |TAMS 0x0000000088200000, 0x0000000088200000| Untracked 
| 121|0x0000000088300000, 0x0000000088300000, 0x0000000088400000|  0%| F|  |TAMS 0x0000000088300000, 0x0000000088300000| Untracked 
| 122|0x0000000088400000, 0x000000008844ace8, 0x0000000088500000| 29%| E|  |TAMS 0x0000000088400000, 0x0000000088400000| Complete 
| 123|0x0000000088500000, 0x0000000088600000, 0x0000000088600000|100%| E|CS|TAMS 0x0000000088500000, 0x0000000088500000| Complete 
| 124|0x0000000088600000, 0x0000000088700000, 0x0000000088700000|100%| E|CS|TAMS 0x0000000088600000, 0x0000000088600000| Complete 
| 125|0x0000000088700000, 0x0000000088800000, 0x0000000088800000|100%| E|CS|TAMS 0x0000000088700000, 0x0000000088700000| Complete 
| 126|0x0000000088800000, 0x0000000088900000, 0x0000000088900000|100%| E|CS|TAMS 0x0000000088800000, 0x0000000088800000| Complete 
| 127|0x0000000088900000, 0x0000000088a00000, 0x0000000088a00000|100%| E|CS|TAMS 0x0000000088900000, 0x0000000088900000| Complete 

Card table byte_map: [0x0000026cc5f40000,0x0000026cc6340000] _byte_map_base: 0x0000026cc5b3b000

Marking Bits (Prev, Next): (CMBitMap*) 0x0000026cb34cf340, (CMBitMap*) 0x0000026cb34cf380
 Prev Bits: [0x0000026cc6740000, 0x0000026cc8718000)
 Next Bits: [0x0000026cc8720000, 0x0000026cca6f8000)

Polling page: 0x0000026cb1360000

Metaspace:

Usage:
  Non-class:      8.33 MB used.
      Class:    810.59 KB used.
       Both:      9.12 MB used.

Virtual space:
  Non-class space:       16.00 MB reserved,       8.38 MB ( 52%) committed,  2 nodes.
      Class space:        1.00 GB reserved,     896.00 KB ( <1%) committed,  1 nodes.
             Both:        1.02 GB reserved,       9.25 MB ( <1%) committed. 

Chunk freelists:
   Non-Class:  2.75 MB
       Class:  2.97 MB
        Both:  5.72 MB

MaxMetaspaceSize: unlimited
CompressedClassSpaceSize: 1.00 GB
Initial GC threshold: 21.00 MB
Current GC threshold: 21.00 MB
CDS: off
MetaspaceReclaimPolicy: balanced
 - commit_granule_bytes: 65536.
 - commit_granule_words: 8192.
 - virtual_space_node_default_size: 1048576.
 - enlarge_chunks_in_place: 1.
 - new_chunks_are_fully_committed: 0.
 - uncommit_free_chunks: 1.
 - use_allocation_guard: 0.
 - handle_deallocations: 1.


Internal statistics:

num_allocs_failed_limit: 0.
num_arena_births: 8.
num_arena_deaths: 0.
num_vsnodes_births: 3.
num_vsnodes_deaths: 0.
num_space_committed: 148.
num_space_uncommitted: 0.
num_chunks_returned_to_freelist: 0.
num_chunks_taken_from_freelist: 46.
num_chunk_merges: 0.
num_chunk_splits: 19.
num_chunks_enlarged: 15.
num_purges: 0.
num_inconsistent_stats: 0.

CodeHeap 'non-profiled nmethods': size=120000Kb used=124Kb max_used=124Kb free=119875Kb
 bounds [0x0000026cbe610000, 0x0000026cbe880000, 0x0000026cc5b40000]
CodeHeap 'profiled nmethods': size=120000Kb used=551Kb max_used=551Kb free=119449Kb
 bounds [0x0000026cb70e0000, 0x0000026cb7350000, 0x0000026cbe610000]
CodeHeap 'non-nmethods': size=5760Kb used=1200Kb max_used=1220Kb free=4559Kb
 bounds [0x0000026cb6b40000, 0x0000026cb6db0000, 0x0000026cb70e0000]
 total_blobs=793 nmethods=377 adapters=329
 compilation: enabled
              stopped_count=0, restarted_count=0
 full_count=0

Compilation events (20 events):
Event: 0.351 Thread 0x0000026ccd832390  371       3       sun.security.x509.X509CertImpl::getEncodedInternal (20 bytes)
Event: 0.351 Thread 0x0000026ccdbfe980 nmethod 368 0x0000026cbe62d490 code [0x0000026cbe62d600, 0x0000026cbe62d678]
Event: 0.351 Thread 0x0000026ccd832390 nmethod 371 0x0000026cb7166c90 code [0x0000026cb7166ec0, 0x0000026cb7167688]
Event: 0.351 Thread 0x0000026ccd832390  370       3       java.lang.StringConcatHelper::mix (27 bytes)
Event: 0.351 Thread 0x0000026ccd832390 nmethod 370 0x0000026cb7167910 code [0x0000026cb7167ae0, 0x0000026cb7167f08]
Event: 0.351 Thread 0x0000026ccd832390  372       1       java.util.zip.ZipCoder$UTF8ZipCoder::isUTF8 (2 bytes)
Event: 0.352 Thread 0x0000026ccd832390 nmethod 372 0x0000026cbe62d790 code [0x0000026cbe62d920, 0x0000026cbe62d9f8]
Event: 0.352 Thread 0x0000026ccd832390  373       3       java.lang.String::isLatin1 (19 bytes)
Event: 0.352 Thread 0x0000026ccd832390 nmethod 373 0x0000026cb7168110 code [0x0000026cb71682a0, 0x0000026cb7168418]
Event: 0.355 Thread 0x0000026ccd832390  374       3       org.eclipse.jdt.launching.internal.org.objectweb.asm.ClassReader::readUnsignedShort (26 bytes)
Event: 0.355 Thread 0x0000026ccd832390 nmethod 374 0x0000026cb7168490 code [0x0000026cb7168620, 0x0000026cb7168798]
Event: 0.363 Thread 0x0000026ccd8319e0 nmethod 344 0x0000026cbe62da90 code [0x0000026cbe62dc40, 0x0000026cbe62eef8]
Event: 24.392 Thread 0x0000026ccd832390  375       3       org.eclipse.jdt.launching.internal.org.objectweb.asm.ClassReader::readUtf (44 bytes)
Event: 24.392 Thread 0x0000026ccd832390 nmethod 375 0x0000026cb7168890 code [0x0000026cb7168a60, 0x0000026cb7168e58]
Event: 24.392 Thread 0x0000026ccd832390  376       3       java.lang.String::<init> (74 bytes)
Event: 24.392 Thread 0x0000026ccd832390 nmethod 376 0x0000026cb7169010 code [0x0000026cb71691e0, 0x0000026cb71695f8]
Event: 24.392 Thread 0x0000026ccd832390  377       3       java.lang.StringUTF16::compress (20 bytes)
Event: 24.394 Thread 0x0000026ccd832390 

Event: 24.394 Thread 0x0000026ccd832390  378       3       java.lang.String::<init> (14 bytes)
Event: 24.394 Thread 0x0000026ccd832390 nmethod 378 0x0000026cb7169710 code [0x0000026cb71698c0, 0x0000026cb7169ad8]

GC Heap History (0 events):
No events

Deoptimization events (20 events):
Event: 0.342 Thread 0x0000026cb3490890 DEOPT PACKING pc=0x0000026cb714e72c sp=0x000000f0a30fbb50
Event: 0.342 Thread 0x0000026cb3490890 DEOPT UNPACKING pc=0x0000026cb6b92b43 sp=0x000000f0a30fafb8 mode 0
Event: 0.342 Thread 0x0000026cb3490890 DEOPT PACKING pc=0x0000026cb714e72c sp=0x000000f0a30fbb50
Event: 0.342 Thread 0x0000026cb3490890 DEOPT UNPACKING pc=0x0000026cb6b92b43 sp=0x000000f0a30fafb8 mode 0
Event: 0.345 Thread 0x0000026cb3490890 DEOPT PACKING pc=0x0000026cb714e72c sp=0x000000f0a30fba80
Event: 0.345 Thread 0x0000026cb3490890 DEOPT UNPACKING pc=0x0000026cb6b92b43 sp=0x000000f0a30faee8 mode 0
Event: 0.347 Thread 0x0000026cb3490890 Uncommon trap: trap_request=0xffffff45 fr.pc=0x0000026cbe6195b8 relative=0x0000000000000238
Event: 0.347 Thread 0x0000026cb3490890 Uncommon trap: reason=unstable_if action=reinterpret pc=0x0000026cbe6195b8 method=java.lang.String.isLatin1()Z @ 10 c2
Event: 0.347 Thread 0x0000026cb3490890 DEOPT PACKING pc=0x0000026cbe6195b8 sp=0x000000f0a30fcb00
Event: 0.347 Thread 0x0000026cb3490890 DEOPT UNPACKING pc=0x0000026cb6b923a3 sp=0x000000f0a30fca48 mode 2
Event: 0.347 Thread 0x0000026cb3490890 Uncommon trap: trap_request=0xffffff45 fr.pc=0x0000026cbe61c1e0 relative=0x0000000000000060
Event: 0.347 Thread 0x0000026cb3490890 Uncommon trap: reason=unstable_if action=reinterpret pc=0x0000026cbe61c1e0 method=java.lang.String.isLatin1()Z @ 10 c2
Event: 0.347 Thread 0x0000026cb3490890 DEOPT PACKING pc=0x0000026cbe61c1e0 sp=0x000000f0a30fcaa0
Event: 0.347 Thread 0x0000026cb3490890 DEOPT UNPACKING pc=0x0000026cb6b923a3 sp=0x000000f0a30fca40 mode 2
Event: 0.352 Thread 0x0000026cb3490890 DEOPT PACKING pc=0x0000026cb714e72c sp=0x000000f0a30f7cf0
Event: 0.352 Thread 0x0000026cb3490890 DEOPT UNPACKING pc=0x0000026cb6b92b43 sp=0x000000f0a30f7158 mode 0
Event: 0.352 Thread 0x0000026cb3490890 DEOPT PACKING pc=0x0000026cb714e72c sp=0x000000f0a30f7cf0
Event: 0.352 Thread 0x0000026cb3490890 DEOPT UNPACKING pc=0x0000026cb6b92b43 sp=0x000000f0a30f7158 mode 0
Event: 0.352 Thread 0x0000026cb3490890 DEOPT PACKING pc=0x0000026cb714e72c sp=0x000000f0a30f7cf0
Event: 0.352 Thread 0x0000026cb3490890 DEOPT UNPACKING pc=0x0000026cb6b92b43 sp=0x000000f0a30f7158 mode 0

Classes unloaded (0 events):
No events

Classes redefined (2 events):
Event: 24.393 Thread 0x0000026cccbe1150 redefined class name=javaApp2.ch12.sec07.ComparableEx, count=1
Event: 24.393 Thread 0x0000026cccbe1150 redefined class name=javaApp2.ch12.sec07.Person, count=1

Internal exceptions (0 events):
No events

VM Operations (20 events):
Event: 0.134 Executing VM operation: HandshakeAllThreads
Event: 0.134 Executing VM operation: HandshakeAllThreads done
Event: 0.155 Executing VM operation: ChangeBreakpoints
Event: 0.155 Executing VM operation: ChangeBreakpoints done
Event: 0.187 Executing VM operation: ChangeBreakpoints
Event: 0.187 Executing VM operation: ChangeBreakpoints done
Event: 0.799 Executing VM operation: get/set locals
Event: 0.799 Executing VM operation: get/set locals done
Event: 24.387 Executing VM operation: ChangeSingleStep
Event: 24.387 Executing VM operation: ChangeSingleStep done
Event: 24.388 Executing VM operation: ChangeSingleStep
Event: 24.388 Executing VM operation: ChangeSingleStep done
Event: 24.392 Executing VM operation: RedefineClasses
Event: 24.394 Executing VM operation: RedefineClasses done
Event: 24.395 Executing VM operation: ChangeSingleStep
Event: 24.395 Executing VM operation: ChangeSingleStep done
Event: 24.396 Executing VM operation: get/set locals
Event: 24.396 Executing VM operation: get/set locals done
Event: 24.397 Executing VM operation: ChangeSingleStep
Event: 24.397 Executing VM operation: ChangeSingleStep done

Events (20 events):
Event: 0.334 loading class jdk/internal/reflect/UTF8
Event: 0.334 loading class jdk/internal/reflect/UTF8 done
Event: 0.334 loading class jdk/internal/reflect/Label
Event: 0.334 loading class jdk/internal/reflect/Label done
Event: 0.334 loading class jdk/internal/reflect/Label$PatchInfo
Event: 0.334 loading class jdk/internal/reflect/Label$PatchInfo done
Event: 0.335 loading class jdk/internal/reflect/MethodAccessorGenerator$1
Event: 0.335 loading class jdk/internal/reflect/MethodAccessorGenerator$1 done
Event: 0.335 loading class jdk/internal/reflect/ClassDefiner
Event: 0.335 loading class jdk/internal/reflect/ClassDefiner done
Event: 0.335 loading class jdk/internal/reflect/ClassDefiner$1
Event: 0.335 loading class jdk/internal/reflect/ClassDefiner$1 done
Event: 0.335 loading class jdk/internal/reflect/BootstrapConstructorAccessorImpl
Event: 0.335 loading class jdk/internal/reflect/BootstrapConstructorAccessorImpl done
Event: 0.338 loading class java/lang/TypeNotPresentException
Event: 0.338 loading class java/lang/TypeNotPresentException done
Event: 0.344 Thread 0x0000026ccdbfe980 Thread added: 0x0000026ccdbfe980
Event: 0.353 loading class java/lang/IllegalStateException
Event: 0.353 loading class java/lang/IllegalStateException done
Event: 5.372 Thread 0x0000026ccdbfe980 Thread exited: 0x0000026ccdbfe980


Dynamic libraries:
0x00007ff670160000 - 0x00007ff67016e000 	D:\ai\install_program\eclipse\plugins\org.eclipse.justj.openjdk.hotspot.jre.full.win32.x86_64_17.0.1.v20211116-1657\jre\bin\javaw.exe
0x00007ff96ae90000 - 0x00007ff96b088000 	C:\Windows\SYSTEM32\ntdll.dll
0x00007ff9692f0000 - 0x00007ff9693af000 	C:\Windows\System32\KERNEL32.DLL
0x00007ff968970000 - 0x00007ff968c66000 	C:\Windows\System32\KERNELBASE.dll
0x00007ff968870000 - 0x00007ff968970000 	C:\Windows\System32\ucrtbase.dll
0x00007ff963fc0000 - 0x00007ff963fd8000 	D:\ai\install_program\eclipse\plugins\org.eclipse.justj.openjdk.hotspot.jre.full.win32.x86_64_17.0.1.v20211116-1657\jre\bin\jli.dll
0x00007ff963fe0000 - 0x00007ff963ff9000 	D:\ai\install_program\eclipse\plugins\org.eclipse.justj.openjdk.hotspot.jre.full.win32.x86_64_17.0.1.v20211116-1657\jre\bin\VCRUNTIME140.dll
0x00007ff968fc0000 - 0x00007ff96915d000 	C:\Windows\System32\USER32.dll
0x00007ff9685e0000 - 0x00007ff968602000 	C:\Windows\System32\win32u.dll
0x00007ff969560000 - 0x00007ff96958c000 	C:\Windows\System32\GDI32.dll
0x00007ff968dd0000 - 0x00007ff968ee5000 	C:\Windows\System32\gdi32full.dll
0x00007ff9686d0000 - 0x00007ff96876d000 	C:\Windows\System32\msvcp_win.dll
0x00007ff955160000 - 0x00007ff9553fa000 	C:\Windows\WinSxS\amd64_microsoft.windows.common-controls_6595b64144ccf1df_6.0.19041.1110_none_60b5254171f9507e\COMCTL32.dll
0x00007ff9695f0000 - 0x00007ff96968e000 	C:\Windows\System32\msvcrt.dll
0x00007ff96a2a0000 - 0x00007ff96a2d0000 	C:\Windows\System32\IMM32.DLL
0x00007ff963f90000 - 0x00007ff963f9c000 	D:\ai\install_program\eclipse\plugins\org.eclipse.justj.openjdk.hotspot.jre.full.win32.x86_64_17.0.1.v20211116-1657\jre\bin\vcruntime140_1.dll
0x00007ff951fb0000 - 0x00007ff952041000 	D:\ai\install_program\eclipse\plugins\org.eclipse.justj.openjdk.hotspot.jre.full.win32.x86_64_17.0.1.v20211116-1657\jre\bin\msvcp140.dll
0x00007ff8f4980000 - 0x00007ff8f55c6000 	D:\ai\install_program\eclipse\plugins\org.eclipse.justj.openjdk.hotspot.jre.full.win32.x86_64_17.0.1.v20211116-1657\jre\bin\server\jvm.dll
0x00007ff96aa90000 - 0x00007ff96ab3f000 	C:\Windows\System32\ADVAPI32.dll
0x00007ff969c60000 - 0x00007ff969cfc000 	C:\Windows\System32\sechost.dll
0x00007ff969d00000 - 0x00007ff969e26000 	C:\Windows\System32\RPCRT4.dll
0x00007ff9697c0000 - 0x00007ff9697c8000 	C:\Windows\System32\PSAPI.DLL
0x00007ff950a10000 - 0x00007ff950a19000 	C:\Windows\SYSTEM32\WSOCK32.dll
0x00007ff95f590000 - 0x00007ff95f5b7000 	C:\Windows\SYSTEM32\WINMM.dll
0x00007ff969690000 - 0x00007ff9696fb000 	C:\Windows\System32\WS2_32.dll
0x00007ff9626b0000 - 0x00007ff9626ba000 	C:\Windows\SYSTEM32\VERSION.dll
0x00007ff966440000 - 0x00007ff966452000 	C:\Windows\SYSTEM32\kernel.appcore.dll
0x00007ff953140000 - 0x00007ff95314a000 	D:\ai\install_program\eclipse\plugins\org.eclipse.justj.openjdk.hotspot.jre.full.win32.x86_64_17.0.1.v20211116-1657\jre\bin\jimage.dll
0x00007ff94e480000 - 0x00007ff94e664000 	C:\Windows\SYSTEM32\DBGHELP.DLL
0x00007ff94ac10000 - 0x00007ff94ac44000 	C:\Windows\SYSTEM32\dbgcore.DLL
0x00007ff968640000 - 0x00007ff9686c2000 	C:\Windows\System32\bcryptPrimitives.dll
0x00007ff960460000 - 0x00007ff96049b000 	D:\ai\install_program\eclipse\plugins\org.eclipse.justj.openjdk.hotspot.jre.full.win32.x86_64_17.0.1.v20211116-1657\jre\bin\jdwp.dll
0x00007ff9639c0000 - 0x00007ff9639ce000 	D:\ai\install_program\eclipse\plugins\org.eclipse.justj.openjdk.hotspot.jre.full.win32.x86_64_17.0.1.v20211116-1657\jre\bin\instrument.dll
0x00007ff939320000 - 0x00007ff939345000 	D:\ai\install_program\eclipse\plugins\org.eclipse.justj.openjdk.hotspot.jre.full.win32.x86_64_17.0.1.v20211116-1657\jre\bin\java.dll
0x00007ff953120000 - 0x00007ff953138000 	D:\ai\install_program\eclipse\plugins\org.eclipse.justj.openjdk.hotspot.jre.full.win32.x86_64_17.0.1.v20211116-1657\jre\bin\zip.dll
0x00007ff96a340000 - 0x00007ff96aa84000 	C:\Windows\System32\SHELL32.dll
0x00007ff966640000 - 0x00007ff966dd3000 	C:\Windows\SYSTEM32\windows.storage.dll
0x00007ff969900000 - 0x00007ff969c54000 	C:\Windows\System32\combase.dll
0x00007ff967fc0000 - 0x00007ff967fee000 	C:\Windows\SYSTEM32\Wldp.dll
0x00007ff969700000 - 0x00007ff9697ad000 	C:\Windows\System32\SHCORE.dll
0x00007ff969590000 - 0x00007ff9695e5000 	C:\Windows\System32\shlwapi.dll
0x00007ff9684b0000 - 0x00007ff9684cf000 	C:\Windows\SYSTEM32\profapi.dll
0x00007ff9639b0000 - 0x00007ff9639bc000 	D:\ai\install_program\eclipse\plugins\org.eclipse.justj.openjdk.hotspot.jre.full.win32.x86_64_17.0.1.v20211116-1657\jre\bin\dt_socket.dll
0x00007ff9679c0000 - 0x00007ff9679fc000 	C:\Windows\SYSTEM32\IPHLPAPI.DLL
0x00007ff967d20000 - 0x00007ff967d8a000 	C:\Windows\system32\mswsock.dll
0x00007ff967a10000 - 0x00007ff967ada000 	C:\Windows\SYSTEM32\DNSAPI.dll
0x00007ff96a2d0000 - 0x00007ff96a2d8000 	C:\Windows\System32\NSI.dll
0x00007ff962320000 - 0x00007ff96232a000 	C:\Windows\System32\rasadhlp.dll
0x00007ff95af90000 - 0x00007ff95b012000 	C:\Windows\System32\fwpuclnt.dll
0x00007ff968610000 - 0x00007ff968637000 	C:\Windows\System32\bcrypt.dll
0x00007ff902100000 - 0x00007ff902119000 	D:\ai\install_program\eclipse\plugins\org.eclipse.justj.openjdk.hotspot.jre.full.win32.x86_64_17.0.1.v20211116-1657\jre\bin\net.dll
0x00007ff962910000 - 0x00007ff962a1a000 	C:\Windows\SYSTEM32\WINHTTP.dll
0x00007ff9020e0000 - 0x00007ff9020f5000 	D:\ai\install_program\eclipse\plugins\org.eclipse.justj.openjdk.hotspot.jre.full.win32.x86_64_17.0.1.v20211116-1657\jre\bin\nio.dll
0x00007ff9415e0000 - 0x00007ff9415f0000 	D:\ai\install_program\eclipse\plugins\org.eclipse.justj.openjdk.hotspot.jre.full.win32.x86_64_17.0.1.v20211116-1657\jre\bin\verify.dll

dbghelp: loaded successfully - version: 4.0.5 - missing functions: none
symbol engine: initialized successfully - sym options: 0x614 - pdb path: .;D:\ai\install_program\eclipse\plugins\org.eclipse.justj.openjdk.hotspot.jre.full.win32.x86_64_17.0.1.v20211116-1657\jre\bin;C:\Windows\SYSTEM32;C:\Windows\WinSxS\amd64_microsoft.windows.common-controls_6595b64144ccf1df_6.0.19041.1110_none_60b5254171f9507e;D:\ai\install_program\eclipse\plugins\org.eclipse.justj.openjdk.hotspot.jre.full.win32.x86_64_17.0.1.v20211116-1657\jre\bin\server

VM Arguments:
jvm_args: -XX:+ShowCodeDetailsInExceptionMessages -agentlib:jdwp=transport=dt_socket,suspend=y,address=localhost:51490 -javaagent:D:\ai\install_program\eclipse\configuration\org.eclipse.osgi\418\0\.cp\lib\javaagent-shaded.jar -Dfile.encoding=MS949 
java_command: javaApp2.ch12.sec07.ComparableEx
java_class_path (initial): D:\ai\study\java_study\java_study\javaApp2\bin
Launcher Type: SUN_STANDARD

[Global flags]
     intx CICompilerCount                          = 3                                         {product} {ergonomic}
     uint ConcGCThreads                            = 1                                         {product} {ergonomic}
     uint G1ConcRefinementThreads                  = 4                                         {product} {ergonomic}
   size_t G1HeapRegionSize                         = 1048576                                   {product} {ergonomic}
    uintx GCDrainStackTargetSize                   = 64                                        {product} {ergonomic}
   size_t InitialHeapSize                          = 134217728                                 {product} {ergonomic}
   size_t MarkStackSize                            = 4194304                                   {product} {ergonomic}
   size_t MaxHeapSize                              = 2136997888                                {product} {ergonomic}
   size_t MaxNewSize                               = 1281359872                                {product} {ergonomic}
   size_t MinHeapDeltaBytes                        = 1048576                                   {product} {ergonomic}
   size_t MinHeapSize                              = 8388608                                   {product} {ergonomic}
    uintx NonNMethodCodeHeapSize                   = 5832780                                {pd product} {ergonomic}
    uintx NonProfiledCodeHeapSize                  = 122912730                              {pd product} {ergonomic}
    uintx ProfiledCodeHeapSize                     = 122912730                              {pd product} {ergonomic}
    uintx ReservedCodeCacheSize                    = 251658240                              {pd product} {ergonomic}
     bool SegmentedCodeCache                       = true                                      {product} {ergonomic}
     bool ShowCodeDetailsInExceptionMessages       = true                                   {manageable} {command line}
   size_t SoftMaxHeapSize                          = 2136997888                             {manageable} {ergonomic}
     bool UseCompressedClassPointers               = true                           {product lp64_product} {ergonomic}
     bool UseCompressedOops                        = true                           {product lp64_product} {ergonomic}
     bool UseG1GC                                  = true                                      {product} {ergonomic}
     bool UseLargePagesIndividualAllocation        = false                                  {pd product} {ergonomic}

Logging:
Log output configuration:
 #0: stdout all=warning uptime,level,tags
 #1: stderr all=off uptime,level,tags

Environment Variables:
PATH=D:\ai\install_program\eclipse\plugins\org.eclipse.justj.openjdk.hotspot.jre.full.win32.x86_64_17.0.1.v20211116-1657\jre\bin;D:/ai/install_program/eclipse//plugins/org.eclipse.justj.openjdk.hotspot.jre.full.win32.x86_64_17.0.1.v20211116-1657/jre/bin/server;D:/ai/install_program/eclipse//plugins/org.eclipse.justj.openjdk.hotspot.jre.full.win32.x86_64_17.0.1.v20211116-1657/jre/bin;C:\Program Files\Common Files\Oracle\Java\javapath;C:\oraclexe\app\oracle\product\11.2.0\server\bin;C:\Program Files (x86)\Common Files\Intel\Shared Libraries\redist\intel64\compiler;C:\Windows\system32;C:\Windows;C:\Windows\System32\Wbem;C:\Windows\System32\WindowsPowerShell\v1.0\;C:\Windows\System32\OpenSSH\;C:\Program Files\Common Files\Autodesk Shared\;C:\Program Files (x86)\Autodesk\Backburner\;C:\Program Files\Git\cmd;C:\Program Files\Java\jdk-11\bin;C:\Users\tj\AppData\Local\Programs\Python\Python312\Scripts\;C:\Users\tj\AppData\Local\Programs\Python\Python312\;C:\Users\tj\AppData\Local\Microsoft\WindowsApps;C:\Program Files\Bandizip\;d:\Users\tj\AppData\Local\Programs\Microsoft VS Code\bin;C:\Users\tj\AppData\Local\Programs\Microsoft VS Code\bin;D:\ai\install_program\eclipse;
USERNAME=tj
OS=Windows_NT
PROCESSOR_IDENTIFIER=Intel64 Family 6 Model 94 Stepping 3, GenuineIntel



---------------  S Y S T E M  ---------------

OS:
 Windows 10 , 64 bit Build 19041 (10.0.19041.3031)
OS uptime: 0 days 3:45 hours

CPU: total 4 (initial active 4) (4 cores per cpu, 1 threads per core) family 6 model 94 stepping 3 microcode 0xcc, cx8, cmov, fxsr, mmx, 3dnowpref, sse, sse2, sse3, ssse3, sse4.1, sse4.2, popcnt, lzcnt, tsc, tscinvbit, avx, avx2, aes, erms, clmul, bmi1, bmi2, rtm, adx, fma, vzeroupper, clflush, clflushopt

Memory: 4k page, system-wide physical 8144M (2272M free)
TotalPageFile size 16336M (AvailPageFile size 7113M)
current process WorkingSet (physical memory assigned to process): 45M, peak: 50M
current process commit charge ("private bytes"): 202M, peak: 206M

vm_info: OpenJDK 64-Bit Server VM (17.0.1+12) for windows-amd64 JRE (17.0.1+12), built on Oct 20 2021 07:42:55 by "" with MS VC++ 16.7 (VS2019)

END.
